#
# There is insufficient memory for the Java Runtime Environment to continue.
# Native memory allocation (malloc) failed to allocate 1162416 bytes for Chunk::new
# Possible reasons:
#   The system is out of physical RAM or swap space
#   The process is running with CompressedOops enabled, and the Java Heap may be blocking the growth of the native heap
# Possible solutions:
#   Reduce memory load on the system
#   Increase physical memory or swap space
#   Check if swap backing store is full
#   Decrease Java heap size (-Xmx/-Xms)
#   Decrease number of Java threads
#   Decrease Java thread stack sizes (-Xss)
#   Set larger code cache with -XX:ReservedCodeCacheSize=
#   JVM is running with Unscaled Compressed Oops mode in which the Java heap is
#     placed in the first 4GB address space. The Java Heap base address is the
#     maximum limit for the native heap growth. Please use -XX:HeapBaseMinAddress
#     to set the Java Heap base and to place the Java Heap above 4GB virtual address.
# This output file may be truncated or incomplete.
#
#  Out of Memory Error (./src/hotspot/share/memory/arena.cpp:197), pid=2812, tid=11408
#
# JRE version: OpenJDK Runtime Environment (11.0.11+9) (build 11.0.11+9-b60-7590822)
# Java VM: OpenJDK 64-Bit Server VM (11.0.11+9-b60-7590822, mixed mode, tiered, compressed oops, g1 gc, windows-amd64)
# No core dump will be written. Minidumps are not enabled by default on client versions of Windows
#

---------------  S U M M A R Y ------------

Command Line: --add-opens=java.base/java.util=ALL-UNNAMED --add-opens=java.base/java.lang=ALL-UNNAMED --add-opens=java.base/java.lang.invoke=ALL-UNNAMED --add-opens=java.base/java.util=ALL-UNNAMED --add-opens=java.prefs/java.util.prefs=ALL-UNNAMED --add-opens=java.prefs/java.util.prefs=ALL-UNNAMED --add-opens=java.base/java.nio.charset=ALL-UNNAMED --add-opens=java.base/java.net=ALL-UNNAMED --add-opens=java.base/java.util.concurrent.atomic=ALL-UNNAMED -Xmx2048m -Dfile.encoding=UTF-8 -Duser.country=US -Duser.language=en -Duser.variant org.gradle.launcher.daemon.bootstrap.GradleDaemon 7.2

Host: Intel(R) Core(TM) i7-4810MQ CPU @ 2.80GHz, 8 cores, 15G,  Windows 10 , 64 bit Build 19041 (10.0.19041.1503)
Time: Tue Feb 15 08:28:31 2022 FLE Standard Time elapsed time: 10.481683 seconds (0d 0h 0m 10s)

---------------  T H R E A D  ---------------

Current thread (0x000002049d6b8800):  JavaThread "C2 CompilerThread2" daemon [_thread_in_native, id=11408, stack(0x000000df89c00000,0x000000df89d00000)]


Current CompileTask:
C2:  10481 6501       4       java.util.regex.Pattern::compile (498 bytes)

Stack: [0x000000df89c00000,0x000000df89d00000]
Native frames: (J=compiled Java code, j=interpreted, Vv=VM code, C=native code)
V  [jvm.dll+0x5f214a]
V  [jvm.dll+0x726fb5]
V  [jvm.dll+0x7285cd]
V  [jvm.dll+0x728c83]
V  [jvm.dll+0x243278]
V  [jvm.dll+0xbc53c]
V  [jvm.dll+0xbca3c]
V  [jvm.dll+0x353e7d]
V  [jvm.dll+0x321893]
V  [jvm.dll+0x320d8a]
V  [jvm.dll+0x1fc1e2]
V  [jvm.dll+0x1fb3d4]
V  [jvm.dll+0x183d6c]
V  [jvm.dll+0x209a57]
V  [jvm.dll+0x2082a1]
V  [jvm.dll+0x6ef58f]
V  [jvm.dll+0x6e80b5]
V  [jvm.dll+0x5f1036]
C  [ucrtbase.dll+0x21bb2]
C  [KERNEL32.DLL+0x17034]
C  [ntdll.dll+0x52651]


---------------  P R O C E S S  ---------------

Threads class SMR info:
_java_thread_list=0x000002049eebb8f0, length=124, elements={
0x00000204f98c0000, 0x000002049659e800, 0x00000204965a2000, 0x0000020496604800,
0x0000020496605800, 0x0000020496608000, 0x0000020496609000, 0x000002049660f800,
0x000002049661c800, 0x000002049677b800, 0x0000020498616800, 0x00000204977d8800,
0x00000204984cf800, 0x000002049846d000, 0x00000204988f8800, 0x000002049809f000,
0x000002049776b000, 0x0000020497f81800, 0x0000020498994000, 0x0000020498b0c000,
0x0000020498b09800, 0x0000020498b0b000, 0x0000020498b07000, 0x0000020498b0a800,
0x0000020498b06800, 0x0000020498b0d000, 0x0000020498b08000, 0x0000020498b08800,
0x0000020499e09800, 0x0000020499e07000, 0x0000020499e0a800, 0x0000020499e06800,
0x0000020499e0b800, 0x0000020499e0c000, 0x0000020499e0d000, 0x0000020499e0d800,
0x0000020498dce000, 0x0000020499e08000, 0x0000020499e10000, 0x0000020499e0f800,
0x0000020499e11000, 0x0000020499e12000, 0x0000020499e14000, 0x0000020499e12800,
0x0000020499e13800, 0x0000020499e0e800, 0x000002049d584000, 0x000002049d58a800,
0x000002049d585800, 0x000002049d585000, 0x000002049d589800, 0x000002049d58c000,
0x000002049d587800, 0x000002049d586800, 0x000002049d58b800, 0x000002049d589000,
0x000002049d58e000, 0x000002049d58d000, 0x000002049d588000, 0x000002049d58e800,
0x000002049d58f800, 0x000002049d590000, 0x000002049d591000, 0x000002049d592000,
0x000002049d592800, 0x000002049a0e5800, 0x000002049a0df800, 0x000002049a0e0800,
0x000002049a0e3800, 0x000002049a0e6000, 0x000002049a0e1000, 0x000002049a0e4800,
0x000002049a0e7000, 0x000002049a0e7800, 0x000002049a0e3000, 0x000002049a0e2000,
0x000002049a0eb000, 0x000002049a0ee800, 0x000002049a0e9800, 0x000002049a0ec000,
0x000002049a0e8800, 0x000002049a0ec800, 0x000002049a0ed800, 0x000002049a0ea000,
0x000002049c049000, 0x000002049c046000, 0x000002049c048800, 0x000002049c046800,
0x000002049c047800, 0x000002049c044000, 0x000002049c04a000, 0x000002049c04b000,
0x000002049c045000, 0x000002049c050800, 0x000002049c051800, 0x000002049c04e000,
0x000002049c04b800, 0x000002049c052000, 0x000002049c04f800, 0x000002049c04d000,
0x000002049c04f000, 0x000002049c04c800, 0x000002049c053000, 0x000002049d385800,
0x000002049d389800, 0x000002049d386800, 0x000002049d38a800, 0x000002049d389000,
0x000002049d388000, 0x000002049d385000, 0x000002049d38c000, 0x000002049d38b800,
0x000002049d38d000, 0x000002049d387000, 0x000002049d393800, 0x000002049d392800,
0x000002049d38d800, 0x000002049d392000, 0x000002049d38f800, 0x000002049d390000,
0x000002049d391000, 0x000002049d6ba000, 0x000002049d6b8800, 0x000002049d6bb000
}

Java Threads: ( => current thread )
  0x00000204f98c0000 JavaThread "main" [_thread_blocked, id=1020, stack(0x000000df81800000,0x000000df81900000)]
  0x000002049659e800 JavaThread "Reference Handler" daemon [_thread_blocked, id=8856, stack(0x000000df81f00000,0x000000df82000000)]
  0x00000204965a2000 JavaThread "Finalizer" daemon [_thread_blocked, id=3840, stack(0x000000df82000000,0x000000df82100000)]
  0x0000020496604800 JavaThread "Signal Dispatcher" daemon [_thread_blocked, id=14104, stack(0x000000df82100000,0x000000df82200000)]
  0x0000020496605800 JavaThread "Attach Listener" daemon [_thread_blocked, id=12244, stack(0x000000df82200000,0x000000df82300000)]
  0x0000020496608000 JavaThread "Service Thread" daemon [_thread_blocked, id=8704, stack(0x000000df82300000,0x000000df82400000)]
  0x0000020496609000 JavaThread "C2 CompilerThread0" daemon [_thread_in_native, id=17336, stack(0x000000df82400000,0x000000df82500000)]
  0x000002049660f800 JavaThread "C1 CompilerThread0" daemon [_thread_blocked, id=15284, stack(0x000000df82500000,0x000000df82600000)]
  0x000002049661c800 JavaThread "Sweeper thread" daemon [_thread_blocked, id=4900, stack(0x000000df82600000,0x000000df82700000)]
  0x000002049677b800 JavaThread "Common-Cleaner" daemon [_thread_blocked, id=13820, stack(0x000000df82700000,0x000000df82800000)]
  0x0000020498616800 JavaThread "Daemon health stats" [_thread_blocked, id=15196, stack(0x000000df83000000,0x000000df83100000)]
  0x00000204977d8800 JavaThread "Incoming local TCP Connector on port 61880" [_thread_in_native, id=14212, stack(0x000000df82900000,0x000000df82a00000)]
  0x00000204984cf800 JavaThread "Daemon periodic checks" [_thread_blocked, id=10976, stack(0x000000df82f00000,0x000000df83000000)]
  0x000002049846d000 JavaThread "Daemon" [_thread_blocked, id=15072, stack(0x000000df83100000,0x000000df83200000)]
  0x00000204988f8800 JavaThread "Handler for socket connection from /127.0.0.1:61880 to /127.0.0.1:61881" [_thread_in_native, id=8448, stack(0x000000df83200000,0x000000df83300000)]
  0x000002049809f000 JavaThread "Cancel handler" [_thread_blocked, id=9276, stack(0x000000df83300000,0x000000df83400000)]
  0x000002049776b000 JavaThread "Daemon worker" [_thread_in_vm, id=15716, stack(0x000000df83400000,0x000000df83500000)]
  0x0000020497f81800 JavaThread "Asynchronous log dispatcher for DefaultDaemonConnection: socket connection from /127.0.0.1:61880 to /127.0.0.1:61881" [_thread_blocked, id=17192, stack(0x000000df83500000,0x000000df83600000)]
  0x0000020498994000 JavaThread "Stdin handler" [_thread_blocked, id=8340, stack(0x000000df83600000,0x000000df83700000)]
  0x0000020498b0c000 JavaThread "Daemon client event forwarder" [_thread_blocked, id=7896, stack(0x000000df83700000,0x000000df83800000)]
  0x0000020498b09800 JavaThread "Cache worker for journal cache (C:\Users\nikol\.gradle\caches\journal-1)" [_thread_blocked, id=5164, stack(0x000000df83800000,0x000000df83900000)]
  0x0000020498b0b000 JavaThread "File lock request listener" [_thread_in_native, id=11604, stack(0x000000df83900000,0x000000df83a00000)]
  0x0000020498b07000 JavaThread "Cache worker for file hash cache (C:\Users\nikol\.gradle\caches\7.2\fileHashes)" [_thread_blocked, id=3148, stack(0x000000df83a00000,0x000000df83b00000)]
  0x0000020498b0a800 JavaThread "Cache worker for file hash cache (C:\Users\nikol\AndroidStudioProjects\Google_Maps_Try\.gradle\7.2\fileHashes)" [_thread_blocked, id=280, stack(0x000000df83f00000,0x000000df84000000)]
  0x0000020498b06800 JavaThread "File watcher server" daemon [_thread_in_native, id=648, stack(0x000000df84100000,0x000000df84200000)]
  0x0000020498b0d000 JavaThread "File watcher consumer" daemon [_thread_blocked, id=88, stack(0x000000df84200000,0x000000df84300000)]
  0x0000020498b08000 JavaThread "Cache worker for checksums cache (C:\Users\nikol\AndroidStudioProjects\Google_Maps_Try\.gradle\checksums)" [_thread_blocked, id=18116, stack(0x000000df84300000,0x000000df84400000)]
  0x0000020498b08800 JavaThread "Cache worker for cache directory md-supplier (C:\Users\nikol\.gradle\caches\7.2\md-supplier)" [_thread_blocked, id=17252, stack(0x000000df84400000,0x000000df84500000)]
  0x0000020499e09800 JavaThread "Cache worker for cache directory md-rule (C:\Users\nikol\.gradle\caches\7.2\md-rule)" [_thread_blocked, id=10516, stack(0x000000df84500000,0x000000df84600000)]
  0x0000020499e07000 JavaThread "Cache worker for execution history cache (C:\Users\nikol\.gradle\caches\7.2\executionHistory)" [_thread_blocked, id=2684, stack(0x000000df84600000,0x000000df84700000)]
  0x0000020499e0a800 JavaThread "jar transforms" [_thread_blocked, id=3116, stack(0x000000df84700000,0x000000df84800000)]
  0x0000020499e06800 JavaThread "jar transforms Thread 2" [_thread_blocked, id=11068, stack(0x000000df84800000,0x000000df84900000)]
  0x0000020499e0b800 JavaThread "Cache worker for file content cache (C:\Users\nikol\.gradle\caches\7.2\fileContent)" [_thread_blocked, id=14784, stack(0x000000df84900000,0x000000df84a00000)]
  0x0000020499e0c000 JavaThread "Cache worker for dependencies-accessors (C:\Users\nikol\AndroidStudioProjects\Google_Maps_Try\.gradle\7.2\dependencies-accessors)" [_thread_blocked, id=8208, stack(0x000000df84a00000,0x000000df84b00000)]
  0x0000020499e0d000 JavaThread "jar transforms Thread 3" [_thread_blocked, id=17132, stack(0x000000df84b00000,0x000000df84c00000)]
  0x0000020499e0d800 JavaThread "Cache worker for Build Output Cleanup Cache (C:\Users\nikol\AndroidStudioProjects\Google_Maps_Try\.gradle\buildOutputCleanup)" [_thread_blocked, id=4120, stack(0x000000df84c00000,0x000000df84d00000)]
  0x0000020498dce000 JavaThread "C2 CompilerThread1" daemon [_thread_in_native, id=16624, stack(0x000000df83e00000,0x000000df83f00000)]
  0x0000020499e08000 JavaThread "Unconstrained build operations" [_thread_blocked, id=16664, stack(0x000000df84000000,0x000000df84100000)]
  0x0000020499e10000 JavaThread "Unconstrained build operations Thread 2" [_thread_blocked, id=12636, stack(0x000000df84d00000,0x000000df84e00000)]
  0x0000020499e0f800 JavaThread "Unconstrained build operations Thread 3" [_thread_blocked, id=8580, stack(0x000000df84e00000,0x000000df84f00000)]
  0x0000020499e11000 JavaThread "Unconstrained build operations Thread 4" [_thread_blocked, id=17228, stack(0x000000df84f00000,0x000000df85000000)]
  0x0000020499e12000 JavaThread "Unconstrained build operations Thread 5" [_thread_blocked, id=9592, stack(0x000000df85000000,0x000000df85100000)]
  0x0000020499e14000 JavaThread "Unconstrained build operations Thread 6" [_thread_blocked, id=15792, stack(0x000000df85100000,0x000000df85200000)]
  0x0000020499e12800 JavaThread "Unconstrained build operations Thread 7" [_thread_blocked, id=17052, stack(0x000000df85200000,0x000000df85300000)]
  0x0000020499e13800 JavaThread "Unconstrained build operations Thread 8" [_thread_blocked, id=8604, stack(0x000000df85300000,0x000000df85400000)]
  0x0000020499e0e800 JavaThread "Unconstrained build operations Thread 9" [_thread_blocked, id=12276, stack(0x000000df85400000,0x000000df85500000)]
  0x000002049d584000 JavaThread "Unconstrained build operations Thread 10" [_thread_blocked, id=5160, stack(0x000000df85500000,0x000000df85600000)]
  0x000002049d58a800 JavaThread "Unconstrained build operations Thread 11" [_thread_blocked, id=15928, stack(0x000000df85600000,0x000000df85700000)]
  0x000002049d585800 JavaThread "Unconstrained build operations Thread 12" [_thread_blocked, id=4384, stack(0x000000df85700000,0x000000df85800000)]
  0x000002049d585000 JavaThread "Unconstrained build operations Thread 13" [_thread_blocked, id=15160, stack(0x000000df85800000,0x000000df85900000)]
  0x000002049d589800 JavaThread "Unconstrained build operations Thread 14" [_thread_blocked, id=18344, stack(0x000000df85900000,0x000000df85a00000)]
  0x000002049d58c000 JavaThread "Unconstrained build operations Thread 15" [_thread_blocked, id=8228, stack(0x000000df85a00000,0x000000df85b00000)]
  0x000002049d587800 JavaThread "Unconstrained build operations Thread 16" [_thread_blocked, id=15408, stack(0x000000df85b00000,0x000000df85c00000)]
  0x000002049d586800 JavaThread "Unconstrained build operations Thread 17" [_thread_blocked, id=16536, stack(0x000000df85c00000,0x000000df85d00000)]
  0x000002049d58b800 JavaThread "Unconstrained build operations Thread 18" [_thread_blocked, id=12044, stack(0x000000df85d00000,0x000000df85e00000)]
  0x000002049d589000 JavaThread "Unconstrained build operations Thread 19" [_thread_blocked, id=11348, stack(0x000000df85e00000,0x000000df85f00000)]
  0x000002049d58e000 JavaThread "Unconstrained build operations Thread 20" [_thread_blocked, id=17268, stack(0x000000df85f00000,0x000000df86000000)]
  0x000002049d58d000 JavaThread "Unconstrained build operations Thread 21" [_thread_blocked, id=4960, stack(0x000000df86000000,0x000000df86100000)]
  0x000002049d588000 JavaThread "Unconstrained build operations Thread 22" [_thread_blocked, id=11992, stack(0x000000df86100000,0x000000df86200000)]
  0x000002049d58e800 JavaThread "Unconstrained build operations Thread 23" [_thread_blocked, id=9596, stack(0x000000df86200000,0x000000df86300000)]
  0x000002049d58f800 JavaThread "Unconstrained build operations Thread 24" [_thread_blocked, id=15720, stack(0x000000df86300000,0x000000df86400000)]
  0x000002049d590000 JavaThread "Unconstrained build operations Thread 25" [_thread_blocked, id=9576, stack(0x000000df86400000,0x000000df86500000)]
  0x000002049d591000 JavaThread "Unconstrained build operations Thread 26" [_thread_blocked, id=16644, stack(0x000000df86500000,0x000000df86600000)]
  0x000002049d592000 JavaThread "Unconstrained build operations Thread 27" [_thread_blocked, id=15016, stack(0x000000df86600000,0x000000df86700000)]
  0x000002049d592800 JavaThread "Unconstrained build operations Thread 28" [_thread_blocked, id=6412, stack(0x000000df86700000,0x000000df86800000)]
  0x000002049a0e5800 JavaThread "Unconstrained build operations Thread 29" [_thread_blocked, id=8904, stack(0x000000df86800000,0x000000df86900000)]
  0x000002049a0df800 JavaThread "Unconstrained build operations Thread 30" [_thread_blocked, id=16812, stack(0x000000df86900000,0x000000df86a00000)]
  0x000002049a0e0800 JavaThread "Unconstrained build operations Thread 31" [_thread_blocked, id=12536, stack(0x000000df86a00000,0x000000df86b00000)]
  0x000002049a0e3800 JavaThread "Unconstrained build operations Thread 32" [_thread_blocked, id=10988, stack(0x000000df86b00000,0x000000df86c00000)]
  0x000002049a0e6000 JavaThread "Unconstrained build operations Thread 33" [_thread_blocked, id=9768, stack(0x000000df86c00000,0x000000df86d00000)]
  0x000002049a0e1000 JavaThread "Unconstrained build operations Thread 34" [_thread_blocked, id=5808, stack(0x000000df86d00000,0x000000df86e00000)]
  0x000002049a0e4800 JavaThread "Unconstrained build operations Thread 35" [_thread_blocked, id=11476, stack(0x000000df86e00000,0x000000df86f00000)]
  0x000002049a0e7000 JavaThread "Unconstrained build operations Thread 36" [_thread_blocked, id=6744, stack(0x000000df86f00000,0x000000df87000000)]
  0x000002049a0e7800 JavaThread "Unconstrained build operations Thread 37" [_thread_blocked, id=16116, stack(0x000000df87000000,0x000000df87100000)]
  0x000002049a0e3000 JavaThread "Unconstrained build operations Thread 38" [_thread_blocked, id=10040, stack(0x000000df87100000,0x000000df87200000)]
  0x000002049a0e2000 JavaThread "Unconstrained build operations Thread 39" [_thread_blocked, id=10072, stack(0x000000df87200000,0x000000df87300000)]
  0x000002049a0eb000 JavaThread "Unconstrained build operations Thread 40" [_thread_blocked, id=6312, stack(0x000000df87300000,0x000000df87400000)]
  0x000002049a0ee800 JavaThread "Unconstrained build operations Thread 41" [_thread_blocked, id=16984, stack(0x000000df87400000,0x000000df87500000)]
  0x000002049a0e9800 JavaThread "Unconstrained build operations Thread 42" [_thread_blocked, id=13104, stack(0x000000df87500000,0x000000df87600000)]
  0x000002049a0ec000 JavaThread "Unconstrained build operations Thread 43" [_thread_blocked, id=13904, stack(0x000000df87600000,0x000000df87700000)]
  0x000002049a0e8800 JavaThread "Unconstrained build operations Thread 44" [_thread_blocked, id=18264, stack(0x000000df87700000,0x000000df87800000)]
  0x000002049a0ec800 JavaThread "Unconstrained build operations Thread 45" [_thread_blocked, id=14224, stack(0x000000df87800000,0x000000df87900000)]
  0x000002049a0ed800 JavaThread "Unconstrained build operations Thread 46" [_thread_blocked, id=13552, stack(0x000000df87900000,0x000000df87a00000)]
  0x000002049a0ea000 JavaThread "Unconstrained build operations Thread 47" [_thread_blocked, id=12528, stack(0x000000df87a00000,0x000000df87b00000)]
  0x000002049c049000 JavaThread "Unconstrained build operations Thread 48" [_thread_blocked, id=14496, stack(0x000000df87b00000,0x000000df87c00000)]
  0x000002049c046000 JavaThread "Unconstrained build operations Thread 49" [_thread_blocked, id=13548, stack(0x000000df87c00000,0x000000df87d00000)]
  0x000002049c048800 JavaThread "Unconstrained build operations Thread 50" [_thread_blocked, id=12104, stack(0x000000df87d00000,0x000000df87e00000)]
  0x000002049c046800 JavaThread "Unconstrained build operations Thread 51" [_thread_blocked, id=2388, stack(0x000000df87e00000,0x000000df87f00000)]
  0x000002049c047800 JavaThread "Unconstrained build operations Thread 52" [_thread_blocked, id=8440, stack(0x000000df87f00000,0x000000df88000000)]
  0x000002049c044000 JavaThread "Unconstrained build operations Thread 53" [_thread_blocked, id=16132, stack(0x000000df88000000,0x000000df88100000)]
  0x000002049c04a000 JavaThread "Unconstrained build operations Thread 54" [_thread_blocked, id=2324, stack(0x000000df88100000,0x000000df88200000)]
  0x000002049c04b000 JavaThread "Unconstrained build operations Thread 55" [_thread_blocked, id=3316, stack(0x000000df88200000,0x000000df88300000)]
  0x000002049c045000 JavaThread "Unconstrained build operations Thread 56" [_thread_blocked, id=10000, stack(0x000000df88300000,0x000000df88400000)]
  0x000002049c050800 JavaThread "Unconstrained build operations Thread 57" [_thread_blocked, id=10752, stack(0x000000df88400000,0x000000df88500000)]
  0x000002049c051800 JavaThread "Unconstrained build operations Thread 58" [_thread_blocked, id=10872, stack(0x000000df88500000,0x000000df88600000)]
  0x000002049c04e000 JavaThread "Unconstrained build operations Thread 59" [_thread_blocked, id=17008, stack(0x000000df88600000,0x000000df88700000)]
  0x000002049c04b800 JavaThread "Unconstrained build operations Thread 60" [_thread_blocked, id=15912, stack(0x000000df88700000,0x000000df88800000)]
  0x000002049c052000 JavaThread "Unconstrained build operations Thread 61" [_thread_blocked, id=17704, stack(0x000000df88800000,0x000000df88900000)]
  0x000002049c04f800 JavaThread "Unconstrained build operations Thread 62" [_thread_blocked, id=8728, stack(0x000000df88900000,0x000000df88a00000)]
  0x000002049c04d000 JavaThread "Unconstrained build operations Thread 63" [_thread_blocked, id=9788, stack(0x000000df88a00000,0x000000df88b00000)]
  0x000002049c04f000 JavaThread "Unconstrained build operations Thread 64" [_thread_blocked, id=5016, stack(0x000000df88b00000,0x000000df88c00000)]
  0x000002049c04c800 JavaThread "Unconstrained build operations Thread 65" [_thread_blocked, id=15128, stack(0x000000df88c00000,0x000000df88d00000)]
  0x000002049c053000 JavaThread "Unconstrained build operations Thread 66" [_thread_blocked, id=10500, stack(0x000000df88d00000,0x000000df88e00000)]
  0x000002049d385800 JavaThread "Unconstrained build operations Thread 67" [_thread_blocked, id=10356, stack(0x000000df88e00000,0x000000df88f00000)]
  0x000002049d389800 JavaThread "Unconstrained build operations Thread 68" [_thread_blocked, id=12256, stack(0x000000df88f00000,0x000000df89000000)]
  0x000002049d386800 JavaThread "Unconstrained build operations Thread 69" [_thread_blocked, id=17308, stack(0x000000df89000000,0x000000df89100000)]
  0x000002049d38a800 JavaThread "Unconstrained build operations Thread 70" [_thread_blocked, id=7608, stack(0x000000df89100000,0x000000df89200000)]
  0x000002049d389000 JavaThread "Unconstrained build operations Thread 71" [_thread_blocked, id=2024, stack(0x000000df89200000,0x000000df89300000)]
  0x000002049d388000 JavaThread "Unconstrained build operations Thread 72" [_thread_blocked, id=4408, stack(0x000000df89300000,0x000000df89400000)]
  0x000002049d385000 JavaThread "Unconstrained build operations Thread 73" [_thread_blocked, id=16916, stack(0x000000df89400000,0x000000df89500000)]
  0x000002049d38c000 JavaThread "Unconstrained build operations Thread 74" [_thread_blocked, id=16484, stack(0x000000df89500000,0x000000df89600000)]
  0x000002049d38b800 JavaThread "Unconstrained build operations Thread 75" [_thread_blocked, id=17484, stack(0x000000df89600000,0x000000df89700000)]
  0x000002049d38d000 JavaThread "Unconstrained build operations Thread 76" [_thread_blocked, id=16372, stack(0x000000df89700000,0x000000df89800000)]
  0x000002049d387000 JavaThread "Unconstrained build operations Thread 77" [_thread_blocked, id=1384, stack(0x000000df89800000,0x000000df89900000)]
  0x000002049d393800 JavaThread "Unconstrained build operations Thread 78" [_thread_blocked, id=11240, stack(0x000000df89900000,0x000000df89a00000)]
  0x000002049d392800 JavaThread "Unconstrained build operations Thread 79" [_thread_blocked, id=8796, stack(0x000000df89a00000,0x000000df89b00000)]
  0x000002049d38d800 JavaThread "Unconstrained build operations Thread 80" [_thread_blocked, id=8804, stack(0x000000df89b00000,0x000000df89c00000)]
  0x000002049d392000 JavaThread "jar transforms Thread 4" [_thread_blocked, id=6240, stack(0x000000df89d00000,0x000000df89e00000)]
  0x000002049d38f800 JavaThread "jar transforms Thread 5" [_thread_blocked, id=15236, stack(0x000000df89e00000,0x000000df89f00000)]
  0x000002049d390000 JavaThread "jar transforms Thread 6" [_thread_blocked, id=15220, stack(0x000000df89f00000,0x000000df8a000000)]
  0x000002049d391000 JavaThread "jar transforms Thread 7" [_thread_blocked, id=12892, stack(0x000000df8a000000,0x000000df8a100000)]
  0x000002049d6ba000 JavaThread "jar transforms Thread 8" [_thread_blocked, id=10464, stack(0x000000df8a100000,0x000000df8a200000)]
=>0x000002049d6b8800 JavaThread "C2 CompilerThread2" daemon [_thread_in_native, id=11408, stack(0x000000df89c00000,0x000000df89d00000)]
  0x000002049d6bb000 JavaThread "Memory manager" [_thread_blocked, id=6872, stack(0x000000df8a200000,0x000000df8a300000)]

Other Threads:
  0x000002049659c800 VMThread "VM Thread" [stack: 0x000000df81e00000,0x000000df81f00000] [id=8640]
  0x00000204967ba800 WatcherThread [stack: 0x000000df82800000,0x000000df82900000] [id=8732]
  0x00000204f98d9800 GCTaskThread "GC Thread#0" [stack: 0x000000df81900000,0x000000df81a00000] [id=1356]
  0x00000204975e6000 GCTaskThread "GC Thread#1" [stack: 0x000000df82a00000,0x000000df82b00000] [id=13164]
  0x00000204975b3800 GCTaskThread "GC Thread#2" [stack: 0x000000df82b00000,0x000000df82c00000] [id=18260]
  0x00000204975dc800 GCTaskThread "GC Thread#3" [stack: 0x000000df82c00000,0x000000df82d00000] [id=4540]
  0x00000204975dd000 GCTaskThread "GC Thread#4" [stack: 0x000000df82d00000,0x000000df82e00000] [id=15080]
  0x000002049767b800 GCTaskThread "GC Thread#5" [stack: 0x000000df82e00000,0x000000df82f00000] [id=16096]
  0x0000020497d13000 GCTaskThread "GC Thread#6" [stack: 0x000000df83b00000,0x000000df83c00000] [id=17020]
  0x00000204996b5000 GCTaskThread "GC Thread#7" [stack: 0x000000df83c00000,0x000000df83d00000] [id=8860]
  0x00000204f990b800 ConcurrentGCThread "G1 Main Marker" [stack: 0x000000df81a00000,0x000000df81b00000] [id=3064]
  0x00000204f990c800 ConcurrentGCThread "G1 Conc#0" [stack: 0x000000df81b00000,0x000000df81c00000] [id=13248]
  0x000002049886f000 ConcurrentGCThread "G1 Conc#1" [stack: 0x000000df83d00000,0x000000df83e00000] [id=10584]
  0x0000020495be8800 ConcurrentGCThread "G1 Refine#0" [stack: 0x000000df81c00000,0x000000df81d00000] [id=11612]
  0x0000020495be9800 ConcurrentGCThread "G1 Young RemSet Sampling" [stack: 0x000000df81d00000,0x000000df81e00000] [id=14588]

Threads with active compile tasks:
C2 CompilerThread0  10516 6406       4       sun.reflect.generics.parser.SignatureParser::parsePackageNameAndSimpleClassTypeSignature (119 bytes)
C2 CompilerThread1  10516 6576   !   4       jdk.internal.loader.Resource::getBytes (242 bytes)
C2 CompilerThread2  10516 6501       4       java.util.regex.Pattern::compile (498 bytes)

VM state:not at safepoint (normal execution)

VM Mutex/Monitor currently owned by a thread: None

Heap address: 0x0000000080000000, size: 2048 MB, Compressed Oops mode: 32-bit
Narrow klass base: 0x0000000000000000, Narrow klass shift: 3
Compressed class space size: 1073741824 Address: 0x0000000100000000

Heap:
 garbage-first heap   total 258048K, used 119220K [0x0000000080000000, 0x0000000100000000)
  region size 1024K, 70 young (71680K), 4 survivors (4096K)
 Metaspace       used 64946K, capacity 66518K, committed 66636K, reserved 1107968K
  class space    used 8224K, capacity 8768K, committed 8832K, reserved 1048576K
Heap Regions: E=young(eden), S=young(survivor), O=old, HS=humongous(starts), HC=humongous(continues), CS=collection set, F=free, A=archive, TAMS=top-at-mark-start (previous, next)
|   0|0x0000000080000000, 0x0000000080100000, 0x0000000080100000|100%| O|  |TAMS 0x0000000080100000, 0x0000000080000000| Untracked 
|   1|0x0000000080100000, 0x0000000080200000, 0x0000000080200000|100%| O|  |TAMS 0x0000000080200000, 0x0000000080100000| Untracked 
|   2|0x0000000080200000, 0x0000000080300000, 0x0000000080300000|100%| O|  |TAMS 0x0000000080300000, 0x0000000080200000| Untracked 
|   3|0x0000000080300000, 0x0000000080400000, 0x0000000080400000|100%|HS|  |TAMS 0x0000000080400000, 0x0000000080300000| Complete 
|   4|0x0000000080400000, 0x0000000080500000, 0x0000000080500000|100%|HC|  |TAMS 0x0000000080500000, 0x0000000080400000| Complete 
|   5|0x0000000080500000, 0x0000000080600000, 0x0000000080600000|100%|HC|  |TAMS 0x0000000080600000, 0x0000000080500000| Complete 
|   6|0x0000000080600000, 0x0000000080700000, 0x0000000080700000|100%| O|  |TAMS 0x0000000080700000, 0x0000000080600000| Untracked 
|   7|0x0000000080700000, 0x0000000080800000, 0x0000000080800000|100%| O|  |TAMS 0x0000000080800000, 0x0000000080700000| Untracked 
|   8|0x0000000080800000, 0x0000000080900000, 0x0000000080900000|100%| O|  |TAMS 0x0000000080900000, 0x0000000080800000| Untracked 
|   9|0x0000000080900000, 0x0000000080a00000, 0x0000000080a00000|100%| O|  |TAMS 0x0000000080a00000, 0x0000000080900000| Untracked 
|  10|0x0000000080a00000, 0x0000000080b00000, 0x0000000080b00000|100%| O|  |TAMS 0x0000000080b00000, 0x0000000080a00000| Untracked 
|  11|0x0000000080b00000, 0x0000000080c00000, 0x0000000080c00000|100%| O|  |TAMS 0x0000000080c00000, 0x0000000080b00000| Untracked 
|  12|0x0000000080c00000, 0x0000000080d00000, 0x0000000080d00000|100%| O|  |TAMS 0x0000000080d00000, 0x0000000080c00000| Untracked 
|  13|0x0000000080d00000, 0x0000000080e00000, 0x0000000080e00000|100%| O|  |TAMS 0x0000000080e00000, 0x0000000080d00000| Untracked 
|  14|0x0000000080e00000, 0x0000000080f00000, 0x0000000080f00000|100%| O|  |TAMS 0x0000000080f00000, 0x0000000080e00000| Untracked 
|  15|0x0000000080f00000, 0x0000000081000000, 0x0000000081000000|100%| O|  |TAMS 0x0000000081000000, 0x0000000080f00000| Untracked 
|  16|0x0000000081000000, 0x0000000081100000, 0x0000000081100000|100%| O|  |TAMS 0x0000000081100000, 0x0000000081000000| Untracked 
|  17|0x0000000081100000, 0x0000000081200000, 0x0000000081200000|100%|HS|  |TAMS 0x0000000081200000, 0x0000000081100000| Complete 
|  18|0x0000000081200000, 0x0000000081300000, 0x0000000081300000|100%|HS|  |TAMS 0x0000000081300000, 0x0000000081200000| Complete 
|  19|0x0000000081300000, 0x0000000081400000, 0x0000000081400000|100%|HS|  |TAMS 0x0000000081400000, 0x0000000081300000| Complete 
|  20|0x0000000081400000, 0x0000000081500000, 0x0000000081500000|100%|HS|  |TAMS 0x0000000081500000, 0x0000000081400000| Complete 
|  21|0x0000000081500000, 0x0000000081600000, 0x0000000081600000|100%|HS|  |TAMS 0x0000000081600000, 0x0000000081500000| Complete 
|  22|0x0000000081600000, 0x0000000081700000, 0x0000000081700000|100%|HC|  |TAMS 0x0000000081700000, 0x0000000081600000| Complete 
|  23|0x0000000081700000, 0x0000000081800000, 0x0000000081800000|100%|HC|  |TAMS 0x0000000081800000, 0x0000000081700000| Complete 
|  24|0x0000000081800000, 0x0000000081900000, 0x0000000081900000|100%|HS|  |TAMS 0x0000000081900000, 0x0000000081800000| Complete 
|  25|0x0000000081900000, 0x0000000081a00000, 0x0000000081a00000|100%|HC|  |TAMS 0x0000000081a00000, 0x0000000081900000| Complete 
|  26|0x0000000081a00000, 0x0000000081b00000, 0x0000000081b00000|100%| O|  |TAMS 0x0000000081b00000, 0x0000000081a00000| Untracked 
|  27|0x0000000081b00000, 0x0000000081c00000, 0x0000000081c00000|100%| O|  |TAMS 0x0000000081c00000, 0x0000000081b00000| Untracked 
|  28|0x0000000081c00000, 0x0000000081d00000, 0x0000000081d00000|100%| O|  |TAMS 0x0000000081d00000, 0x0000000081c00000| Untracked 
|  29|0x0000000081d00000, 0x0000000081e00000, 0x0000000081e00000|100%| O|  |TAMS 0x0000000081e00000, 0x0000000081d00000| Untracked 
|  30|0x0000000081e00000, 0x0000000081f00000, 0x0000000081f00000|100%| O|  |TAMS 0x0000000081f00000, 0x0000000081e00000| Untracked 
|  31|0x0000000081f00000, 0x0000000082000000, 0x0000000082000000|100%| O|  |TAMS 0x0000000082000000, 0x0000000081f00000| Untracked 
|  32|0x0000000082000000, 0x0000000082100000, 0x0000000082100000|100%| O|  |TAMS 0x0000000082100000, 0x0000000082000000| Untracked 
|  33|0x0000000082100000, 0x0000000082200000, 0x0000000082200000|100%| O|  |TAMS 0x0000000082200000, 0x0000000082100000| Untracked 
|  34|0x0000000082200000, 0x0000000082300000, 0x0000000082300000|100%| O|  |TAMS 0x0000000082300000, 0x0000000082200000| Untracked 
|  35|0x0000000082300000, 0x0000000082400000, 0x0000000082400000|100%| O|  |TAMS 0x0000000082400000, 0x0000000082300000| Untracked 
|  36|0x0000000082400000, 0x0000000082500000, 0x0000000082500000|100%| O|  |TAMS 0x0000000082500000, 0x0000000082400000| Untracked 
|  37|0x0000000082500000, 0x0000000082600000, 0x0000000082600000|100%| O|  |TAMS 0x0000000082600000, 0x0000000082500000| Untracked 
|  38|0x0000000082600000, 0x0000000082700000, 0x0000000082700000|100%| O|  |TAMS 0x0000000082700000, 0x0000000082600000| Untracked 
|  39|0x0000000082700000, 0x0000000082800000, 0x0000000082800000|100%| O|  |TAMS 0x0000000082800000, 0x0000000082700000| Untracked 
|  40|0x0000000082800000, 0x0000000082900000, 0x0000000082900000|100%| O|  |TAMS 0x0000000082900000, 0x0000000082800000| Untracked 
|  41|0x0000000082900000, 0x0000000082a00000, 0x0000000082a00000|100%| O|  |TAMS 0x0000000082a00000, 0x0000000082900000| Untracked 
|  42|0x0000000082a00000, 0x0000000082b00000, 0x0000000082b00000|100%| O|  |TAMS 0x0000000082b00000, 0x0000000082a00000| Untracked 
|  43|0x0000000082b00000, 0x0000000082c00000, 0x0000000082c00000|100%| O|  |TAMS 0x0000000082c00000, 0x0000000082b00000| Untracked 
|  44|0x0000000082c00000, 0x0000000082d00000, 0x0000000082d00000|100%| O|  |TAMS 0x0000000082d00000, 0x0000000082c00000| Untracked 
|  45|0x0000000082d00000, 0x0000000082e00000, 0x0000000082e00000|100%| O|  |TAMS 0x0000000082e00000, 0x0000000082d00000| Untracked 
|  46|0x0000000082e00000, 0x0000000082f00000, 0x0000000082f00000|100%| O|  |TAMS 0x0000000082f00000, 0x0000000082e00000| Untracked 
|  47|0x0000000082f00000, 0x0000000083000000, 0x0000000083000000|100%| O|  |TAMS 0x0000000083000000, 0x0000000082f00000| Untracked 
|  48|0x0000000083000000, 0x000000008301a200, 0x0000000083100000| 10%| O|  |TAMS 0x000000008301a200, 0x0000000083000000| Untracked 
|  49|0x0000000083100000, 0x0000000083200000, 0x0000000083200000|100%|HS|  |TAMS 0x0000000083100000, 0x0000000083100000| Complete 
|  50|0x0000000083200000, 0x0000000083200000, 0x0000000083300000|  0%| F|  |TAMS 0x0000000083200000, 0x0000000083200000| Untracked 
|  51|0x0000000083300000, 0x0000000083300000, 0x0000000083400000|  0%| F|  |TAMS 0x0000000083300000, 0x0000000083300000| Untracked 
|  52|0x0000000083400000, 0x0000000083400000, 0x0000000083500000|  0%| F|  |TAMS 0x0000000083400000, 0x0000000083400000| Untracked 
|  53|0x0000000083500000, 0x0000000083500000, 0x0000000083600000|  0%| F|  |TAMS 0x0000000083500000, 0x0000000083500000| Untracked 
|  54|0x0000000083600000, 0x0000000083600000, 0x0000000083700000|  0%| F|  |TAMS 0x0000000083600000, 0x0000000083600000| Untracked 
|  55|0x0000000083700000, 0x0000000083700000, 0x0000000083800000|  0%| F|  |TAMS 0x0000000083700000, 0x0000000083700000| Untracked 
|  56|0x0000000083800000, 0x0000000083800000, 0x0000000083900000|  0%| F|  |TAMS 0x0000000083800000, 0x0000000083800000| Untracked 
|  57|0x0000000083900000, 0x0000000083900000, 0x0000000083a00000|  0%| F|  |TAMS 0x0000000083900000, 0x0000000083900000| Untracked 
|  58|0x0000000083a00000, 0x0000000083a00000, 0x0000000083b00000|  0%| F|  |TAMS 0x0000000083a00000, 0x0000000083a00000| Untracked 
|  59|0x0000000083b00000, 0x0000000083b00000, 0x0000000083c00000|  0%| F|  |TAMS 0x0000000083b00000, 0x0000000083b00000| Untracked 
|  60|0x0000000083c00000, 0x0000000083c00000, 0x0000000083d00000|  0%| F|  |TAMS 0x0000000083c00000, 0x0000000083c00000| Untracked 
|  61|0x0000000083d00000, 0x0000000083d00000, 0x0000000083e00000|  0%| F|  |TAMS 0x0000000083d00000, 0x0000000083d00000| Untracked 
|  62|0x0000000083e00000, 0x0000000083e00000, 0x0000000083f00000|  0%| F|  |TAMS 0x0000000083e00000, 0x0000000083e00000| Untracked 
|  63|0x0000000083f00000, 0x0000000083f00000, 0x0000000084000000|  0%| F|  |TAMS 0x0000000083f00000, 0x0000000083f00000| Untracked 
|  64|0x0000000084000000, 0x0000000084000000, 0x0000000084100000|  0%| F|  |TAMS 0x0000000084000000, 0x0000000084000000| Untracked 
|  65|0x0000000084100000, 0x0000000084100000, 0x0000000084200000|  0%| F|  |TAMS 0x0000000084100000, 0x0000000084100000| Untracked 
|  66|0x0000000084200000, 0x0000000084200000, 0x0000000084300000|  0%| F|  |TAMS 0x0000000084200000, 0x0000000084200000| Untracked 
|  67|0x0000000084300000, 0x0000000084300000, 0x0000000084400000|  0%| F|  |TAMS 0x0000000084300000, 0x0000000084300000| Untracked 
|  68|0x0000000084400000, 0x0000000084400000, 0x0000000084500000|  0%| F|  |TAMS 0x0000000084400000, 0x0000000084400000| Untracked 
|  69|0x0000000084500000, 0x0000000084500000, 0x0000000084600000|  0%| F|  |TAMS 0x0000000084500000, 0x0000000084500000| Untracked 
|  70|0x0000000084600000, 0x0000000084600000, 0x0000000084700000|  0%| F|  |TAMS 0x0000000084600000, 0x0000000084600000| Untracked 
|  71|0x0000000084700000, 0x0000000084700000, 0x0000000084800000|  0%| F|  |TAMS 0x0000000084700000, 0x0000000084700000| Untracked 
|  72|0x0000000084800000, 0x0000000084800000, 0x0000000084900000|  0%| F|  |TAMS 0x0000000084800000, 0x0000000084800000| Untracked 
|  73|0x0000000084900000, 0x0000000084900000, 0x0000000084a00000|  0%| F|  |TAMS 0x0000000084900000, 0x0000000084900000| Untracked 
|  74|0x0000000084a00000, 0x0000000084a00000, 0x0000000084b00000|  0%| F|  |TAMS 0x0000000084a00000, 0x0000000084a00000| Untracked 
|  75|0x0000000084b00000, 0x0000000084b00000, 0x0000000084c00000|  0%| F|  |TAMS 0x0000000084b00000, 0x0000000084b00000| Untracked 
|  76|0x0000000084c00000, 0x0000000084c00000, 0x0000000084d00000|  0%| F|  |TAMS 0x0000000084c00000, 0x0000000084c00000| Untracked 
|  77|0x0000000084d00000, 0x0000000084d00000, 0x0000000084e00000|  0%| F|  |TAMS 0x0000000084d00000, 0x0000000084d00000| Untracked 
|  78|0x0000000084e00000, 0x0000000084e00000, 0x0000000084f00000|  0%| F|  |TAMS 0x0000000084e00000, 0x0000000084e00000| Untracked 
|  79|0x0000000084f00000, 0x0000000084f00000, 0x0000000085000000|  0%| F|  |TAMS 0x0000000084f00000, 0x0000000084f00000| Untracked 
|  80|0x0000000085000000, 0x0000000085000000, 0x0000000085100000|  0%| F|  |TAMS 0x0000000085000000, 0x0000000085000000| Untracked 
|  81|0x0000000085100000, 0x0000000085100000, 0x0000000085200000|  0%| F|  |TAMS 0x0000000085100000, 0x0000000085100000| Untracked 
|  82|0x0000000085200000, 0x0000000085200000, 0x0000000085300000|  0%| F|  |TAMS 0x0000000085200000, 0x0000000085200000| Untracked 
|  83|0x0000000085300000, 0x0000000085300000, 0x0000000085400000|  0%| F|  |TAMS 0x0000000085300000, 0x0000000085300000| Untracked 
|  84|0x0000000085400000, 0x0000000085400000, 0x0000000085500000|  0%| F|  |TAMS 0x0000000085400000, 0x0000000085400000| Untracked 
|  85|0x0000000085500000, 0x0000000085500000, 0x0000000085600000|  0%| F|  |TAMS 0x0000000085500000, 0x0000000085500000| Untracked 
|  86|0x0000000085600000, 0x0000000085600000, 0x0000000085700000|  0%| F|  |TAMS 0x0000000085600000, 0x0000000085600000| Untracked 
|  87|0x0000000085700000, 0x0000000085700000, 0x0000000085800000|  0%| F|  |TAMS 0x0000000085700000, 0x0000000085700000| Untracked 
|  88|0x0000000085800000, 0x0000000085800000, 0x0000000085900000|  0%| F|  |TAMS 0x0000000085800000, 0x0000000085800000| Untracked 
|  89|0x0000000085900000, 0x0000000085900000, 0x0000000085a00000|  0%| F|  |TAMS 0x0000000085900000, 0x0000000085900000| Untracked 
|  90|0x0000000085a00000, 0x0000000085a00000, 0x0000000085b00000|  0%| F|  |TAMS 0x0000000085a00000, 0x0000000085a00000| Untracked 
|  91|0x0000000085b00000, 0x0000000085b00000, 0x0000000085c00000|  0%| F|  |TAMS 0x0000000085b00000, 0x0000000085b00000| Untracked 
|  92|0x0000000085c00000, 0x0000000085c00000, 0x0000000085d00000|  0%| F|  |TAMS 0x0000000085c00000, 0x0000000085c00000| Untracked 
|  93|0x0000000085d00000, 0x0000000085d00000, 0x0000000085e00000|  0%| F|  |TAMS 0x0000000085d00000, 0x0000000085d00000| Untracked 
|  94|0x0000000085e00000, 0x0000000085e00000, 0x0000000085f00000|  0%| F|  |TAMS 0x0000000085e00000, 0x0000000085e00000| Untracked 
|  95|0x0000000085f00000, 0x0000000085f00000, 0x0000000086000000|  0%| F|  |TAMS 0x0000000085f00000, 0x0000000085f00000| Untracked 
|  96|0x0000000086000000, 0x0000000086000000, 0x0000000086100000|  0%| F|  |TAMS 0x0000000086000000, 0x0000000086000000| Untracked 
|  97|0x0000000086100000, 0x0000000086100000, 0x0000000086200000|  0%| F|  |TAMS 0x0000000086100000, 0x0000000086100000| Untracked 
|  98|0x0000000086200000, 0x0000000086200000, 0x0000000086300000|  0%| F|  |TAMS 0x0000000086200000, 0x0000000086200000| Untracked 
|  99|0x0000000086300000, 0x0000000086300000, 0x0000000086400000|  0%| F|  |TAMS 0x0000000086300000, 0x0000000086300000| Untracked 
| 100|0x0000000086400000, 0x0000000086400000, 0x0000000086500000|  0%| F|  |TAMS 0x0000000086400000, 0x0000000086400000| Untracked 
| 101|0x0000000086500000, 0x0000000086500000, 0x0000000086600000|  0%| F|  |TAMS 0x0000000086500000, 0x0000000086500000| Untracked 
| 102|0x0000000086600000, 0x0000000086600000, 0x0000000086700000|  0%| F|  |TAMS 0x0000000086600000, 0x0000000086600000| Untracked 
| 103|0x0000000086700000, 0x0000000086700000, 0x0000000086800000|  0%| F|  |TAMS 0x0000000086700000, 0x0000000086700000| Untracked 
| 104|0x0000000086800000, 0x0000000086800000, 0x0000000086900000|  0%| F|  |TAMS 0x0000000086800000, 0x0000000086800000| Untracked 
| 105|0x0000000086900000, 0x0000000086900000, 0x0000000086a00000|  0%| F|  |TAMS 0x0000000086900000, 0x0000000086900000| Untracked 
| 106|0x0000000086a00000, 0x0000000086a00000, 0x0000000086b00000|  0%| F|  |TAMS 0x0000000086a00000, 0x0000000086a00000| Untracked 
| 107|0x0000000086b00000, 0x0000000086b00000, 0x0000000086c00000|  0%| F|  |TAMS 0x0000000086b00000, 0x0000000086b00000| Untracked 
| 108|0x0000000086c00000, 0x0000000086c00000, 0x0000000086d00000|  0%| F|  |TAMS 0x0000000086c00000, 0x0000000086c00000| Untracked 
| 109|0x0000000086d00000, 0x0000000086d00000, 0x0000000086e00000|  0%| F|  |TAMS 0x0000000086d00000, 0x0000000086d00000| Untracked 
| 110|0x0000000086e00000, 0x0000000086e00000, 0x0000000086f00000|  0%| F|  |TAMS 0x0000000086e00000, 0x0000000086e00000| Untracked 
| 111|0x0000000086f00000, 0x0000000086f00000, 0x0000000087000000|  0%| F|  |TAMS 0x0000000086f00000, 0x0000000086f00000| Untracked 
| 112|0x0000000087000000, 0x0000000087000000, 0x0000000087100000|  0%| F|  |TAMS 0x0000000087000000, 0x0000000087000000| Untracked 
| 113|0x0000000087100000, 0x0000000087100000, 0x0000000087200000|  0%| F|  |TAMS 0x0000000087100000, 0x0000000087100000| Untracked 
| 114|0x0000000087200000, 0x0000000087200000, 0x0000000087300000|  0%| F|  |TAMS 0x0000000087200000, 0x0000000087200000| Untracked 
| 115|0x0000000087300000, 0x0000000087300000, 0x0000000087400000|  0%| F|  |TAMS 0x0000000087300000, 0x0000000087300000| Untracked 
| 116|0x0000000087400000, 0x0000000087400000, 0x0000000087500000|  0%| F|  |TAMS 0x0000000087400000, 0x0000000087400000| Untracked 
| 117|0x0000000087500000, 0x0000000087500000, 0x0000000087600000|  0%| F|  |TAMS 0x0000000087500000, 0x0000000087500000| Untracked 
| 118|0x0000000087600000, 0x0000000087600000, 0x0000000087700000|  0%| F|  |TAMS 0x0000000087600000, 0x0000000087600000| Untracked 
| 119|0x0000000087700000, 0x0000000087700000, 0x0000000087800000|  0%| F|  |TAMS 0x0000000087700000, 0x0000000087700000| Untracked 
| 120|0x0000000087800000, 0x0000000087800000, 0x0000000087900000|  0%| F|  |TAMS 0x0000000087800000, 0x0000000087800000| Untracked 
| 121|0x0000000087900000, 0x0000000087900000, 0x0000000087a00000|  0%| F|  |TAMS 0x0000000087900000, 0x0000000087900000| Untracked 
| 122|0x0000000087a00000, 0x0000000087a00000, 0x0000000087b00000|  0%| F|  |TAMS 0x0000000087a00000, 0x0000000087a00000| Untracked 
| 123|0x0000000087b00000, 0x0000000087b00000, 0x0000000087c00000|  0%| F|  |TAMS 0x0000000087b00000, 0x0000000087b00000| Untracked 
| 124|0x0000000087c00000, 0x0000000087c00000, 0x0000000087d00000|  0%| F|  |TAMS 0x0000000087c00000, 0x0000000087c00000| Untracked 
| 125|0x0000000087d00000, 0x0000000087d00000, 0x0000000087e00000|  0%| F|  |TAMS 0x0000000087d00000, 0x0000000087d00000| Untracked 
| 126|0x0000000087e00000, 0x0000000087e00000, 0x0000000087f00000|  0%| F|  |TAMS 0x0000000087e00000, 0x0000000087e00000| Untracked 
| 127|0x0000000087f00000, 0x0000000087f00000, 0x0000000088000000|  0%| F|  |TAMS 0x0000000087f00000, 0x0000000087f00000| Untracked 
| 128|0x0000000088000000, 0x0000000088000000, 0x0000000088100000|  0%| F|  |TAMS 0x0000000088000000, 0x0000000088000000| Untracked 
| 129|0x0000000088100000, 0x0000000088100000, 0x0000000088200000|  0%| F|  |TAMS 0x0000000088100000, 0x0000000088100000| Untracked 
| 130|0x0000000088200000, 0x0000000088200000, 0x0000000088300000|  0%| F|  |TAMS 0x0000000088200000, 0x0000000088200000| Untracked 
| 131|0x0000000088300000, 0x0000000088300000, 0x0000000088400000|  0%| F|  |TAMS 0x0000000088300000, 0x0000000088300000| Untracked 
| 132|0x0000000088400000, 0x0000000088400000, 0x0000000088500000|  0%| F|  |TAMS 0x0000000088400000, 0x0000000088400000| Untracked 
| 133|0x0000000088500000, 0x0000000088500000, 0x0000000088600000|  0%| F|  |TAMS 0x0000000088500000, 0x0000000088500000| Untracked 
| 134|0x0000000088600000, 0x0000000088600000, 0x0000000088700000|  0%| F|  |TAMS 0x0000000088600000, 0x0000000088600000| Untracked 
| 135|0x0000000088700000, 0x0000000088700000, 0x0000000088800000|  0%| F|  |TAMS 0x0000000088700000, 0x0000000088700000| Untracked 
| 136|0x0000000088800000, 0x0000000088800000, 0x0000000088900000|  0%| F|  |TAMS 0x0000000088800000, 0x0000000088800000| Untracked 
| 137|0x0000000088900000, 0x0000000088900000, 0x0000000088a00000|  0%| F|  |TAMS 0x0000000088900000, 0x0000000088900000| Untracked 
| 138|0x0000000088a00000, 0x0000000088a00000, 0x0000000088b00000|  0%| F|  |TAMS 0x0000000088a00000, 0x0000000088a00000| Untracked 
| 139|0x0000000088b00000, 0x0000000088b00000, 0x0000000088c00000|  0%| F|  |TAMS 0x0000000088b00000, 0x0000000088b00000| Untracked 
| 140|0x0000000088c00000, 0x0000000088c00000, 0x0000000088d00000|  0%| F|  |TAMS 0x0000000088c00000, 0x0000000088c00000| Untracked 
| 141|0x0000000088d00000, 0x0000000088d00000, 0x0000000088e00000|  0%| F|  |TAMS 0x0000000088d00000, 0x0000000088d00000| Untracked 
| 142|0x0000000088e00000, 0x0000000088e00000, 0x0000000088f00000|  0%| F|  |TAMS 0x0000000088e00000, 0x0000000088e00000| Untracked 
| 143|0x0000000088f00000, 0x0000000088f00000, 0x0000000089000000|  0%| F|  |TAMS 0x0000000088f00000, 0x0000000088f00000| Untracked 
| 144|0x0000000089000000, 0x0000000089000000, 0x0000000089100000|  0%| F|  |TAMS 0x0000000089000000, 0x0000000089000000| Untracked 
| 145|0x0000000089100000, 0x0000000089100000, 0x0000000089200000|  0%| F|  |TAMS 0x0000000089100000, 0x0000000089100000| Untracked 
| 146|0x0000000089200000, 0x0000000089200000, 0x0000000089300000|  0%| F|  |TAMS 0x0000000089200000, 0x0000000089200000| Untracked 
| 147|0x0000000089300000, 0x0000000089300000, 0x0000000089400000|  0%| F|  |TAMS 0x0000000089300000, 0x0000000089300000| Untracked 
| 148|0x0000000089400000, 0x0000000089400000, 0x0000000089500000|  0%| F|  |TAMS 0x0000000089400000, 0x0000000089400000| Untracked 
| 149|0x0000000089500000, 0x0000000089500000, 0x0000000089600000|  0%| F|  |TAMS 0x0000000089500000, 0x0000000089500000| Untracked 
| 150|0x0000000089600000, 0x0000000089600000, 0x0000000089700000|  0%| F|  |TAMS 0x0000000089600000, 0x0000000089600000| Untracked 
| 151|0x0000000089700000, 0x0000000089700000, 0x0000000089800000|  0%| F|  |TAMS 0x0000000089700000, 0x0000000089700000| Untracked 
| 152|0x0000000089800000, 0x0000000089800000, 0x0000000089900000|  0%| F|  |TAMS 0x0000000089800000, 0x0000000089800000| Untracked 
| 153|0x0000000089900000, 0x0000000089900000, 0x0000000089a00000|  0%| F|  |TAMS 0x0000000089900000, 0x0000000089900000| Untracked 
| 154|0x0000000089a00000, 0x0000000089a00000, 0x0000000089b00000|  0%| F|  |TAMS 0x0000000089a00000, 0x0000000089a00000| Untracked 
| 155|0x0000000089b00000, 0x0000000089b00000, 0x0000000089c00000|  0%| F|  |TAMS 0x0000000089b00000, 0x0000000089b00000| Untracked 
| 156|0x0000000089c00000, 0x0000000089c00000, 0x0000000089d00000|  0%| F|  |TAMS 0x0000000089c00000, 0x0000000089c00000| Untracked 
| 157|0x0000000089d00000, 0x0000000089d00000, 0x0000000089e00000|  0%| F|  |TAMS 0x0000000089d00000, 0x0000000089d00000| Untracked 
| 158|0x0000000089e00000, 0x0000000089e00000, 0x0000000089f00000|  0%| F|  |TAMS 0x0000000089e00000, 0x0000000089e00000| Untracked 
| 159|0x0000000089f00000, 0x0000000089f00000, 0x000000008a000000|  0%| F|  |TAMS 0x0000000089f00000, 0x0000000089f00000| Untracked 
| 160|0x000000008a000000, 0x000000008a000000, 0x000000008a100000|  0%| F|  |TAMS 0x000000008a000000, 0x000000008a000000| Untracked 
| 161|0x000000008a100000, 0x000000008a100000, 0x000000008a200000|  0%| F|  |TAMS 0x000000008a100000, 0x000000008a100000| Untracked 
| 162|0x000000008a200000, 0x000000008a200000, 0x000000008a300000|  0%| F|  |TAMS 0x000000008a200000, 0x000000008a200000| Untracked 
| 163|0x000000008a300000, 0x000000008a300000, 0x000000008a400000|  0%| F|  |TAMS 0x000000008a300000, 0x000000008a300000| Untracked 
| 164|0x000000008a400000, 0x000000008a400000, 0x000000008a500000|  0%| F|  |TAMS 0x000000008a400000, 0x000000008a400000| Untracked 
| 165|0x000000008a500000, 0x000000008a500000, 0x000000008a600000|  0%| F|  |TAMS 0x000000008a500000, 0x000000008a500000| Untracked 
| 166|0x000000008a600000, 0x000000008a600000, 0x000000008a700000|  0%| F|  |TAMS 0x000000008a600000, 0x000000008a600000| Untracked 
| 167|0x000000008a700000, 0x000000008a700000, 0x000000008a800000|  0%| F|  |TAMS 0x000000008a700000, 0x000000008a700000| Untracked 
| 168|0x000000008a800000, 0x000000008a800000, 0x000000008a900000|  0%| F|  |TAMS 0x000000008a800000, 0x000000008a800000| Untracked 
| 169|0x000000008a900000, 0x000000008a900000, 0x000000008aa00000|  0%| F|  |TAMS 0x000000008a900000, 0x000000008a900000| Untracked 
| 170|0x000000008aa00000, 0x000000008aa00000, 0x000000008ab00000|  0%| F|  |TAMS 0x000000008aa00000, 0x000000008aa00000| Untracked 
| 171|0x000000008ab00000, 0x000000008ab00000, 0x000000008ac00000|  0%| F|  |TAMS 0x000000008ab00000, 0x000000008ab00000| Untracked 
| 172|0x000000008ac00000, 0x000000008ac00000, 0x000000008ad00000|  0%| F|  |TAMS 0x000000008ac00000, 0x000000008ac00000| Untracked 
| 173|0x000000008ad00000, 0x000000008ad00000, 0x000000008ae00000|  0%| F|  |TAMS 0x000000008ad00000, 0x000000008ad00000| Untracked 
| 174|0x000000008ae00000, 0x000000008ae00000, 0x000000008af00000|  0%| F|  |TAMS 0x000000008ae00000, 0x000000008ae00000| Untracked 
| 175|0x000000008af00000, 0x000000008af00000, 0x000000008b000000|  0%| F|  |TAMS 0x000000008af00000, 0x000000008af00000| Untracked 
| 176|0x000000008b000000, 0x000000008b000000, 0x000000008b100000|  0%| F|  |TAMS 0x000000008b000000, 0x000000008b000000| Untracked 
| 177|0x000000008b100000, 0x000000008b100000, 0x000000008b200000|  0%| F|  |TAMS 0x000000008b100000, 0x000000008b100000| Untracked 
| 178|0x000000008b200000, 0x000000008b200000, 0x000000008b300000|  0%| F|  |TAMS 0x000000008b200000, 0x000000008b200000| Untracked 
| 179|0x000000008b300000, 0x000000008b300000, 0x000000008b400000|  0%| F|  |TAMS 0x000000008b300000, 0x000000008b300000| Untracked 
| 180|0x000000008b400000, 0x000000008b400000, 0x000000008b500000|  0%| F|  |TAMS 0x000000008b400000, 0x000000008b400000| Untracked 
| 181|0x000000008b500000, 0x000000008b580800, 0x000000008b600000| 50%| E|  |TAMS 0x000000008b500000, 0x000000008b500000| Complete 
| 182|0x000000008b600000, 0x000000008b700000, 0x000000008b700000|100%| E|CS|TAMS 0x000000008b600000, 0x000000008b600000| Complete 
| 183|0x000000008b700000, 0x000000008b800000, 0x000000008b800000|100%| E|CS|TAMS 0x000000008b700000, 0x000000008b700000| Complete 
| 184|0x000000008b800000, 0x000000008b900000, 0x000000008b900000|100%| E|CS|TAMS 0x000000008b800000, 0x000000008b800000| Complete 
| 185|0x000000008b900000, 0x000000008ba00000, 0x000000008ba00000|100%| E|CS|TAMS 0x000000008b900000, 0x000000008b900000| Complete 
| 186|0x000000008ba00000, 0x000000008bb00000, 0x000000008bb00000|100%| E|CS|TAMS 0x000000008ba00000, 0x000000008ba00000| Complete 
| 187|0x000000008bb00000, 0x000000008bc00000, 0x000000008bc00000|100%| E|CS|TAMS 0x000000008bb00000, 0x000000008bb00000| Complete 
| 188|0x000000008bc00000, 0x000000008bd00000, 0x000000008bd00000|100%| E|CS|TAMS 0x000000008bc00000, 0x000000008bc00000| Complete 
| 189|0x000000008bd00000, 0x000000008be00000, 0x000000008be00000|100%| E|CS|TAMS 0x000000008bd00000, 0x000000008bd00000| Complete 
| 190|0x000000008be00000, 0x000000008bf00000, 0x000000008bf00000|100%| E|CS|TAMS 0x000000008be00000, 0x000000008be00000| Complete 
| 191|0x000000008bf00000, 0x000000008c000000, 0x000000008c000000|100%| E|CS|TAMS 0x000000008bf00000, 0x000000008bf00000| Complete 
| 192|0x000000008c000000, 0x000000008c100000, 0x000000008c100000|100%| E|CS|TAMS 0x000000008c000000, 0x000000008c000000| Complete 
| 193|0x000000008c100000, 0x000000008c200000, 0x000000008c200000|100%| E|CS|TAMS 0x000000008c100000, 0x000000008c100000| Complete 
| 194|0x000000008c200000, 0x000000008c300000, 0x000000008c300000|100%| E|CS|TAMS 0x000000008c200000, 0x000000008c200000| Complete 
| 195|0x000000008c300000, 0x000000008c400000, 0x000000008c400000|100%| E|CS|TAMS 0x000000008c300000, 0x000000008c300000| Complete 
| 196|0x000000008c400000, 0x000000008c500000, 0x000000008c500000|100%| E|CS|TAMS 0x000000008c400000, 0x000000008c400000| Complete 
| 197|0x000000008c500000, 0x000000008c552fc0, 0x000000008c600000| 32%| S|CS|TAMS 0x000000008c500000, 0x000000008c500000| Complete 
| 198|0x000000008c600000, 0x000000008c700000, 0x000000008c700000|100%| S|CS|TAMS 0x000000008c600000, 0x000000008c600000| Complete 
| 199|0x000000008c700000, 0x000000008c800000, 0x000000008c800000|100%| S|CS|TAMS 0x000000008c700000, 0x000000008c700000| Complete 
| 200|0x000000008c800000, 0x000000008c900000, 0x000000008c900000|100%| S|CS|TAMS 0x000000008c800000, 0x000000008c800000| Complete 
| 201|0x000000008c900000, 0x000000008ca00000, 0x000000008ca00000|100%| E|CS|TAMS 0x000000008c900000, 0x000000008c900000| Complete 
| 202|0x000000008ca00000, 0x000000008cb00000, 0x000000008cb00000|100%| E|CS|TAMS 0x000000008ca00000, 0x000000008ca00000| Complete 
| 203|0x000000008cb00000, 0x000000008cc00000, 0x000000008cc00000|100%| E|CS|TAMS 0x000000008cb00000, 0x000000008cb00000| Complete 
| 204|0x000000008cc00000, 0x000000008cd00000, 0x000000008cd00000|100%| E|CS|TAMS 0x000000008cc00000, 0x000000008cc00000| Complete 
| 205|0x000000008cd00000, 0x000000008ce00000, 0x000000008ce00000|100%| E|CS|TAMS 0x000000008cd00000, 0x000000008cd00000| Complete 
| 206|0x000000008ce00000, 0x000000008cf00000, 0x000000008cf00000|100%| E|CS|TAMS 0x000000008ce00000, 0x000000008ce00000| Complete 
| 207|0x000000008cf00000, 0x000000008d000000, 0x000000008d000000|100%| E|CS|TAMS 0x000000008cf00000, 0x000000008cf00000| Complete 
| 208|0x000000008d000000, 0x000000008d100000, 0x000000008d100000|100%| E|CS|TAMS 0x000000008d000000, 0x000000008d000000| Complete 
| 209|0x000000008d100000, 0x000000008d200000, 0x000000008d200000|100%| E|CS|TAMS 0x000000008d100000, 0x000000008d100000| Complete 
| 210|0x000000008d200000, 0x000000008d300000, 0x000000008d300000|100%| E|CS|TAMS 0x000000008d200000, 0x000000008d200000| Complete 
| 211|0x000000008d300000, 0x000000008d400000, 0x000000008d400000|100%| E|CS|TAMS 0x000000008d300000, 0x000000008d300000| Complete 
| 212|0x000000008d400000, 0x000000008d500000, 0x000000008d500000|100%| E|CS|TAMS 0x000000008d400000, 0x000000008d400000| Complete 
| 213|0x000000008d500000, 0x000000008d600000, 0x000000008d600000|100%| E|CS|TAMS 0x000000008d500000, 0x000000008d500000| Complete 
| 214|0x000000008d600000, 0x000000008d700000, 0x000000008d700000|100%| E|CS|TAMS 0x000000008d600000, 0x000000008d600000| Complete 
| 215|0x000000008d700000, 0x000000008d800000, 0x000000008d800000|100%| E|CS|TAMS 0x000000008d700000, 0x000000008d700000| Complete 
| 216|0x000000008d800000, 0x000000008d900000, 0x000000008d900000|100%| E|CS|TAMS 0x000000008d800000, 0x000000008d800000| Complete 
| 217|0x000000008d900000, 0x000000008da00000, 0x000000008da00000|100%| E|CS|TAMS 0x000000008d900000, 0x000000008d900000| Complete 
| 218|0x000000008da00000, 0x000000008db00000, 0x000000008db00000|100%| E|CS|TAMS 0x000000008da00000, 0x000000008da00000| Complete 
| 219|0x000000008db00000, 0x000000008dc00000, 0x000000008dc00000|100%| E|CS|TAMS 0x000000008db00000, 0x000000008db00000| Complete 
| 220|0x000000008dc00000, 0x000000008dd00000, 0x000000008dd00000|100%| E|CS|TAMS 0x000000008dc00000, 0x000000008dc00000| Complete 
| 221|0x000000008dd00000, 0x000000008de00000, 0x000000008de00000|100%| E|CS|TAMS 0x000000008dd00000, 0x000000008dd00000| Complete 
| 222|0x000000008de00000, 0x000000008df00000, 0x000000008df00000|100%| E|CS|TAMS 0x000000008de00000, 0x000000008de00000| Complete 
| 223|0x000000008df00000, 0x000000008e000000, 0x000000008e000000|100%| E|CS|TAMS 0x000000008df00000, 0x000000008df00000| Complete 
| 224|0x000000008e000000, 0x000000008e100000, 0x000000008e100000|100%| E|CS|TAMS 0x000000008e000000, 0x000000008e000000| Complete 
| 225|0x000000008e100000, 0x000000008e200000, 0x000000008e200000|100%| E|CS|TAMS 0x000000008e100000, 0x000000008e100000| Complete 
| 226|0x000000008e200000, 0x000000008e300000, 0x000000008e300000|100%| E|CS|TAMS 0x000000008e200000, 0x000000008e200000| Complete 
| 227|0x000000008e300000, 0x000000008e400000, 0x000000008e400000|100%| E|CS|TAMS 0x000000008e300000, 0x000000008e300000| Complete 
| 228|0x000000008e400000, 0x000000008e500000, 0x000000008e500000|100%| E|CS|TAMS 0x000000008e400000, 0x000000008e400000| Complete 
| 229|0x000000008e500000, 0x000000008e600000, 0x000000008e600000|100%| E|CS|TAMS 0x000000008e500000, 0x000000008e500000| Complete 
| 230|0x000000008e600000, 0x000000008e700000, 0x000000008e700000|100%| E|CS|TAMS 0x000000008e600000, 0x000000008e600000| Complete 
| 231|0x000000008e700000, 0x000000008e800000, 0x000000008e800000|100%| E|CS|TAMS 0x000000008e700000, 0x000000008e700000| Complete 
| 232|0x000000008e800000, 0x000000008e900000, 0x000000008e900000|100%| E|CS|TAMS 0x000000008e800000, 0x000000008e800000| Complete 
| 233|0x000000008e900000, 0x000000008ea00000, 0x000000008ea00000|100%| E|CS|TAMS 0x000000008e900000, 0x000000008e900000| Complete 
| 234|0x000000008ea00000, 0x000000008eb00000, 0x000000008eb00000|100%| E|CS|TAMS 0x000000008ea00000, 0x000000008ea00000| Complete 
| 235|0x000000008eb00000, 0x000000008ec00000, 0x000000008ec00000|100%| E|  |TAMS 0x000000008eb00000, 0x000000008eb00000| Complete 
| 236|0x000000008ec00000, 0x000000008ed00000, 0x000000008ed00000|100%| E|CS|TAMS 0x000000008ec00000, 0x000000008ec00000| Complete 
| 237|0x000000008ed00000, 0x000000008ee00000, 0x000000008ee00000|100%| E|CS|TAMS 0x000000008ed00000, 0x000000008ed00000| Complete 
| 238|0x000000008ee00000, 0x000000008ef00000, 0x000000008ef00000|100%| E|CS|TAMS 0x000000008ee00000, 0x000000008ee00000| Complete 
| 239|0x000000008ef00000, 0x000000008f000000, 0x000000008f000000|100%| E|CS|TAMS 0x000000008ef00000, 0x000000008ef00000| Complete 
| 240|0x000000008f000000, 0x000000008f100000, 0x000000008f100000|100%| E|CS|TAMS 0x000000008f000000, 0x000000008f000000| Complete 
| 241|0x000000008f100000, 0x000000008f200000, 0x000000008f200000|100%| E|CS|TAMS 0x000000008f100000, 0x000000008f100000| Complete 
| 242|0x000000008f200000, 0x000000008f300000, 0x000000008f300000|100%| E|CS|TAMS 0x000000008f200000, 0x000000008f200000| Complete 
| 243|0x000000008f300000, 0x000000008f400000, 0x000000008f400000|100%| E|CS|TAMS 0x000000008f300000, 0x000000008f300000| Complete 
| 244|0x000000008f400000, 0x000000008f500000, 0x000000008f500000|100%| E|CS|TAMS 0x000000008f400000, 0x000000008f400000| Complete 
| 245|0x000000008f500000, 0x000000008f600000, 0x000000008f600000|100%| E|CS|TAMS 0x000000008f500000, 0x000000008f500000| Complete 
| 246|0x000000008f600000, 0x000000008f700000, 0x000000008f700000|100%| E|CS|TAMS 0x000000008f600000, 0x000000008f600000| Complete 
| 247|0x000000008f700000, 0x000000008f800000, 0x000000008f800000|100%| E|CS|TAMS 0x000000008f700000, 0x000000008f700000| Complete 
| 248|0x000000008f800000, 0x000000008f900000, 0x000000008f900000|100%| E|CS|TAMS 0x000000008f800000, 0x000000008f800000| Complete 
| 249|0x000000008f900000, 0x000000008fa00000, 0x000000008fa00000|100%| E|CS|TAMS 0x000000008f900000, 0x000000008f900000| Complete 
| 250|0x000000008fa00000, 0x000000008fb00000, 0x000000008fb00000|100%| E|CS|TAMS 0x000000008fa00000, 0x000000008fa00000| Complete 
| 251|0x000000008fb00000, 0x000000008fc00000, 0x000000008fc00000|100%| E|CS|TAMS 0x000000008fb00000, 0x000000008fb00000| Complete 

Card table byte_map: [0x00000204ffa30000,0x00000204ffe30000] _byte_map_base: 0x00000204ff630000

Marking Bits (Prev, Next): (CMBitMap*) 0x00000204f9902b50, (CMBitMap*) 0x00000204f9902b18
 Prev Bits: [0x0000020491400000, 0x0000020493400000)
 Next Bits: [0x000002048f400000, 0x0000020491400000)

Polling page: 0x00000204f99a0000

Metaspace:

Usage:
  Non-class:     56.41 MB capacity,    55.44 MB ( 98%) used,   820.79 KB (  1%) free+waste,   167.56 KB ( <1%) overhead. 
      Class:      8.60 MB capacity,     8.04 MB ( 94%) used,   494.02 KB (  6%) free+waste,    78.19 KB ( <1%) overhead. 
       Both:     65.01 MB capacity,    63.48 MB ( 98%) used,     1.28 MB (  2%) free+waste,   245.75 KB ( <1%) overhead. 

Virtual space:
  Non-class space:       58.00 MB reserved,      56.45 MB ( 97%) committed 
      Class space:        1.00 GB reserved,       8.63 MB ( <1%) committed 
             Both:        1.06 GB reserved,      65.07 MB (  6%) committed 

Chunk freelists:
   Non-Class:  43.00 KB
       Class:  26.00 KB
        Both:  69.00 KB

MaxMetaspaceSize: 17179869184.00 GB
CompressedClassSpaceSize: 1.00 GB

CodeHeap 'non-profiled nmethods': size=120000Kb used=3923Kb max_used=3923Kb free=116076Kb
 bounds [0x0000020487ad0000, 0x0000020487eb0000, 0x000002048f000000]
CodeHeap 'profiled nmethods': size=120000Kb used=13652Kb max_used=13652Kb free=106347Kb
 bounds [0x00000204805a0000, 0x0000020481300000, 0x0000020487ad0000]
CodeHeap 'non-nmethods': size=5760Kb used=2262Kb max_used=2313Kb free=3497Kb
 bounds [0x0000020480000000, 0x0000020480270000, 0x00000204805a0000]
 total_blobs=7409 nmethods=6557 adapters=763
 compilation: enabled
              stopped_count=0, restarted_count=0
 full_count=0

Compilation events (20 events):
Event: 10.456 Thread 0x000002049660f800 nmethod 6559 0x00000204812eb110 code [0x00000204812eb2e0, 0x00000204812eb518]
Event: 10.456 Thread 0x000002049660f800 6556       1       com.android.tools.build.jetifier.processor.transform.TransformationContext::getVersions (5 bytes)
Event: 10.456 Thread 0x000002049660f800 nmethod 6556 0x0000020487e9f690 code [0x0000020487e9f840, 0x0000020487e9f8f8]
Event: 10.468 Thread 0x000002049660f800 6561       2       java.util.ArrayList::toArray (57 bytes)
Event: 10.468 Thread 0x000002049660f800 nmethod 6561 0x00000204812eb610 code [0x00000204812eb7e0, 0x00000204812ebb18]
Event: 10.469 Thread 0x000002049660f800 6562       3       org.gradle.api.internal.provider.AbstractProperty$NonFinalizedValue::maybeFinalizeOnRead (66 bytes)
Event: 10.469 Thread 0x000002049660f800 nmethod 6562 0x00000204812ebc10 code [0x00000204812ebe00, 0x00000204812ec2c8]
Event: 10.473 Thread 0x000002049660f800 6563       1       org.gradle.api.internal.DefaultDomainObjectCollection::getEventRegister (5 bytes)
Event: 10.473 Thread 0x000002049660f800 nmethod 6563 0x0000020487e9f990 code [0x0000020487e9fb40, 0x0000020487e9fbf8]
Event: 10.474 Thread 0x0000020498dce000 nmethod 6507 0x0000020487e9fc90 code [0x0000020487e9fe60, 0x0000020487ea0c58]
Event: 10.474 Thread 0x0000020498dce000 6548       4       java.util.regex.Pattern::next (33 bytes)
Event: 10.474 Thread 0x0000020498dce000 nmethod 6548 0x0000020487ea1290 code [0x0000020487ea1420, 0x0000020487ea14f8]
Event: 10.474 Thread 0x0000020498dce000 6555       4       java.util.regex.Pattern$Node::<init> (12 bytes)
Event: 10.475 Thread 0x0000020498dce000 nmethod 6555 0x0000020487ea1610 code [0x0000020487ea17a0, 0x0000020487ea18d8]
Event: 10.475 Thread 0x0000020498dce000 6560       4       java.util.regex.Pattern::closure (365 bytes)
Event: 10.475 Thread 0x000002049660f800 6564       1       org.gradle.configuration.internal.DefaultUserCodeApplicationContext$CurrentApplication::getId (5 bytes)
Event: 10.476 Thread 0x000002049660f800 nmethod 6564 0x0000020487ea1990 code [0x0000020487ea1b40, 0x0000020487ea1bf8]
Event: 10.477 Thread 0x000002049660f800 6565       3       org.gradle.tooling.internal.provider.runner.PluginApplicationTracker::started (152 bytes)
Event: 10.478 Thread 0x000002049660f800 nmethod 6565 0x00000204812ec490 code [0x00000204812ec8a0, 0x00000204812eebe8]
Event: 10.478 Thread 0x000002049660f800 6566       3       org.gradle.tooling.internal.provider.runner.TaskOriginTracker::started (62 bytes)

GC Heap History (14 events):
Event: 1.406 GC heap before
{Heap before GC invocations=0 (full 0):
 garbage-first heap   total 258048K, used 29696K [0x0000000080000000, 0x0000000100000000)
  region size 1024K, 24 young (24576K), 0 survivors (0K)
 Metaspace       used 9868K, capacity 10114K, committed 10368K, reserved 1058816K
  class space    used 1029K, capacity 1102K, committed 1152K, reserved 1048576K
}
Event: 1.411 GC heap after
{Heap after GC invocations=1 (full 0):
 garbage-first heap   total 258048K, used 9330K [0x0000000080000000, 0x0000000100000000)
  region size 1024K, 3 young (3072K), 3 survivors (3072K)
 Metaspace       used 9868K, capacity 10114K, committed 10368K, reserved 1058816K
  class space    used 1029K, capacity 1102K, committed 1152K, reserved 1048576K
}
Event: 3.358 GC heap before
{Heap before GC invocations=1 (full 0):
 garbage-first heap   total 258048K, used 107634K [0x0000000080000000, 0x0000000100000000)
  region size 1024K, 100 young (102400K), 3 survivors (3072K)
 Metaspace       used 20683K, capacity 21075K, committed 21248K, reserved 1067008K
  class space    used 2540K, capacity 2693K, committed 2816K, reserved 1048576K
}
Event: 3.368 GC heap after
{Heap after GC invocations=2 (full 0):
 garbage-first heap   total 258048K, used 16936K [0x0000000080000000, 0x0000000100000000)
  region size 1024K, 11 young (11264K), 11 survivors (11264K)
 Metaspace       used 20683K, capacity 21075K, committed 21248K, reserved 1067008K
  class space    used 2540K, capacity 2693K, committed 2816K, reserved 1048576K
}
Event: 3.783 GC heap before
{Heap before GC invocations=3 (full 0):
 garbage-first heap   total 258048K, used 52776K [0x0000000080000000, 0x0000000100000000)
  region size 1024K, 47 young (48128K), 11 survivors (11264K)
 Metaspace       used 24200K, capacity 24765K, committed 24960K, reserved 1071104K
  class space    used 3106K, capacity 3332K, committed 3456K, reserved 1048576K
}
Event: 3.790 GC heap after
{Heap after GC invocations=4 (full 0):
 garbage-first heap   total 258048K, used 18603K [0x0000000080000000, 0x0000000100000000)
  region size 1024K, 2 young (2048K), 2 survivors (2048K)
 Metaspace       used 24200K, capacity 24765K, committed 24960K, reserved 1071104K
  class space    used 3106K, capacity 3332K, committed 3456K, reserved 1048576K
}
Event: 5.097 GC heap before
{Heap before GC invocations=4 (full 0):
 garbage-first heap   total 258048K, used 94379K [0x0000000080000000, 0x0000000100000000)
  region size 1024K, 77 young (78848K), 2 survivors (2048K)
 Metaspace       used 35035K, capacity 35772K, committed 35840K, reserved 1081344K
  class space    used 4550K, capacity 4859K, committed 4864K, reserved 1048576K
}
Event: 5.106 GC heap after
{Heap after GC invocations=5 (full 0):
 garbage-first heap   total 258048K, used 22497K [0x0000000080000000, 0x0000000100000000)
  region size 1024K, 6 young (6144K), 6 survivors (6144K)
 Metaspace       used 35035K, capacity 35772K, committed 35840K, reserved 1081344K
  class space    used 4550K, capacity 4859K, committed 4864K, reserved 1048576K
}
Event: 6.603 GC heap before
{Heap before GC invocations=6 (full 0):
 garbage-first heap   total 258048K, used 135137K [0x0000000080000000, 0x0000000100000000)
  region size 1024K, 113 young (115712K), 6 survivors (6144K)
 Metaspace       used 44012K, capacity 45054K, committed 45184K, reserved 1089536K
  class space    used 5606K, capacity 5957K, committed 6016K, reserved 1048576K
}
Event: 6.645 GC heap after
{Heap after GC invocations=7 (full 0):
 garbage-first heap   total 258048K, used 29525K [0x0000000080000000, 0x0000000100000000)
  region size 1024K, 13 young (13312K), 13 survivors (13312K)
 Metaspace       used 44012K, capacity 45054K, committed 45184K, reserved 1089536K
  class space    used 5606K, capacity 5957K, committed 6016K, reserved 1048576K
}
Event: 8.881 GC heap before
{Heap before GC invocations=7 (full 0):
 garbage-first heap   total 258048K, used 163669K [0x0000000080000000, 0x0000000100000000)
  region size 1024K, 136 young (139264K), 13 survivors (13312K)
 Metaspace       used 50828K, capacity 52153K, committed 52352K, reserved 1095680K
  class space    used 6456K, capacity 6919K, committed 7040K, reserved 1048576K
}
Event: 8.896 GC heap after
{Heap after GC invocations=8 (full 0):
 garbage-first heap   total 258048K, used 49127K [0x0000000080000000, 0x0000000100000000)
  region size 1024K, 17 young (17408K), 17 survivors (17408K)
 Metaspace       used 50828K, capacity 52153K, committed 52352K, reserved 1095680K
  class space    used 6456K, capacity 6919K, committed 7040K, reserved 1048576K
}
Event: 9.637 GC heap before
{Heap before GC invocations=8 (full 0):
 garbage-first heap   total 258048K, used 100327K [0x0000000080000000, 0x0000000100000000)
  region size 1024K, 68 young (69632K), 17 survivors (17408K)
 Metaspace       used 58456K, capacity 59953K, committed 60160K, reserved 1101824K
  class space    used 7410K, capacity 7915K, committed 7936K, reserved 1048576K
}
Event: 9.667 GC heap after
{Heap after GC invocations=9 (full 0):
 garbage-first heap   total 258048K, used 52660K [0x0000000080000000, 0x0000000100000000)
  region size 1024K, 4 young (4096K), 4 survivors (4096K)
 Metaspace       used 58456K, capacity 59953K, committed 60160K, reserved 1101824K
  class space    used 7410K, capacity 7915K, committed 7936K, reserved 1048576K
}

Deoptimization events (20 events):
Event: 10.442 Thread 0x000002049776b000 Uncommon trap: trap_request=0xffffff4d fr.pc=0x0000020487afd408 relative=0x00000000000001c8
Event: 10.442 Thread 0x000002049776b000 Uncommon trap: reason=unstable_if action=reinterpret pc=0x0000020487afd408 method=java.lang.AbstractStringBuilder.isLatin1()Z @ 10 c2
Event: 10.442 Thread 0x000002049776b000 DEOPT PACKING pc=0x0000020487afd408 sp=0x000000df834f67e0
Event: 10.442 Thread 0x000002049776b000 DEOPT UNPACKING pc=0x000002048002662f sp=0x000000df834f6720 mode 2
Event: 10.442 Thread 0x000002049776b000 Uncommon trap: trap_request=0xffffff4d fr.pc=0x0000020487c0b5b8 relative=0x0000000000000658
Event: 10.442 Thread 0x000002049776b000 Uncommon trap: reason=unstable_if action=reinterpret pc=0x0000020487c0b5b8 method=java.lang.AbstractStringBuilder.appendChars(Ljava/lang/CharSequence;II)V @ 4 c2
Event: 10.442 Thread 0x000002049776b000 DEOPT PACKING pc=0x0000020487c0b5b8 sp=0x000000df834f6870
Event: 10.442 Thread 0x000002049776b000 DEOPT UNPACKING pc=0x000002048002662f sp=0x000000df834f6758 mode 2
Event: 10.442 Thread 0x000002049776b000 Uncommon trap: trap_request=0xffffff4d fr.pc=0x0000020487b35bc0 relative=0x0000000000000380
Event: 10.442 Thread 0x000002049776b000 Uncommon trap: reason=unstable_if action=reinterpret pc=0x0000020487b35bc0 method=java.lang.AbstractStringBuilder.isLatin1()Z @ 10 c2
Event: 10.442 Thread 0x000002049776b000 DEOPT PACKING pc=0x0000020487b35bc0 sp=0x000000df834f6910
Event: 10.442 Thread 0x000002049776b000 DEOPT UNPACKING pc=0x000002048002662f sp=0x000000df834f6890 mode 2
Event: 10.442 Thread 0x000002049776b000 Uncommon trap: trap_request=0xffffff4d fr.pc=0x0000020487b033a8 relative=0x0000000000000468
Event: 10.442 Thread 0x000002049776b000 Uncommon trap: reason=unstable_if action=reinterpret pc=0x0000020487b033a8 method=java.lang.AbstractStringBuilder.putStringAt(ILjava/lang/String;)V @ 8 c2
Event: 10.442 Thread 0x000002049776b000 DEOPT PACKING pc=0x0000020487b033a8 sp=0x000000df834f6860
Event: 10.442 Thread 0x000002049776b000 DEOPT UNPACKING pc=0x000002048002662f sp=0x000000df834f67c0 mode 2
Event: 10.442 Thread 0x000002049776b000 Uncommon trap: trap_request=0xffffff4d fr.pc=0x0000020487b02bec relative=0x00000000000000cc
Event: 10.442 Thread 0x000002049776b000 Uncommon trap: reason=unstable_if action=reinterpret pc=0x0000020487b02bec method=java.lang.String.getBytes([BIB)V @ 5 c2
Event: 10.442 Thread 0x000002049776b000 DEOPT PACKING pc=0x0000020487b02bec sp=0x000000df834f6770
Event: 10.442 Thread 0x000002049776b000 DEOPT UNPACKING pc=0x000002048002662f sp=0x000000df834f6738 mode 2

Classes redefined (0 events):
No events

Internal exceptions (20 events):
Event: 8.585 Thread 0x000002049776b000 Exception <a 'java/lang/ClassNotFoundException'{0x0000000089393ad8}: build_zxt6pl63shqkvpsj6m5evpnwCustomizer> (0x0000000089393ad8) thrown at [./src/hotspot/share/classfile/systemDictionary.cpp, line 231]
Event: 8.592 Thread 0x000002049776b000 Exception <a 'java/lang/ClassNotFoundException'{0x0000000089217278}: org/gradle/plugin/use/internal/PluginRequestCollector$PluginDependenciesSpecImplBeanInfo> (0x0000000089217278) thrown at [./src/hotspot/share/classfile/systemDictionary.cpp, line 231]
Event: 8.593 Thread 0x000002049776b000 Exception <a 'java/lang/ClassNotFoundException'{0x0000000089246060}: org/gradle/plugin/use/internal/PluginRequestCollector$PluginDependenciesSpecImplCustomizer> (0x0000000089246060) thrown at [./src/hotspot/share/classfile/systemDictionary.cpp, line 231]
Event: 8.599 Thread 0x000002049776b000 Exception <a 'java/lang/NoSuchMethodError'{0x00000000892c1f08}: 'void java.lang.invoke.DirectMethodHandle$Holder.invokeInterface(java.lang.Object, java.lang.Object)'> (0x00000000892c1f08) thrown at [./src/hotspot/share/interpreter/linkResolver.cpp, line 773]
Event: 8.636 Thread 0x000002049776b000 Exception <a 'java/lang/ClassNotFoundException'{0x0000000088f71d08}: org/gradle/api/internal/plugins/DefaultObjectConfigurationActionBeanInfo> (0x0000000088f71d08) thrown at [./src/hotspot/share/classfile/systemDictionary.cpp, line 231]
Event: 8.637 Thread 0x000002049776b000 Exception <a 'java/lang/ClassNotFoundException'{0x0000000088fa8788}: org/gradle/api/internal/plugins/DefaultObjectConfigurationActionCustomizer> (0x0000000088fa8788) thrown at [./src/hotspot/share/classfile/systemDictionary.cpp, line 231]
Event: 8.802 Thread 0x000002049776b000 Exception <a 'java/lang/NoSuchMethodError'{0x00000000877181a0}: 'java.lang.Object java.lang.invoke.DirectMethodHandle$Holder.invokeStatic(java.lang.Object, java.lang.Object, java.lang.Object, java.lang.Object, int)'> (0x00000000877181a0) thrown at [./src/hotspot/share/interpreter/linkResolver.cpp, line 773]
Event: 8.802 Thread 0x000002049776b000 Exception <a 'java/lang/NoSuchMethodError'{0x000000008771cb98}: 'java.lang.Object java.lang.invoke.DirectMethodHandle$Holder.invokeSpecial(java.lang.Object, java.lang.Object, java.lang.Object, java.lang.Object, java.lang.Object, int)'> (0x000000008771cb98) thrown at [./src/hotspot/share/interpreter/linkResolver.cpp, line 773]
Event: 8.802 Thread 0x000002049776b000 Exception <a 'java/lang/NoSuchMethodError'{0x00000000877211d8}: 'java.lang.Object java.lang.invoke.Invokers$Holder.linkToTargetMethod(java.lang.Object, java.lang.Object, java.lang.Object, int, java.lang.Object)'> (0x00000000877211d8) thrown at [./src/hotspot/share/interpreter/linkResolver.cpp, line 773]
Event: 8.867 Thread 0x000002049776b000 Implicit null exception at 0x0000020487d8f8df to 0x0000020487d8fa30
Event: 9.040 Thread 0x000002049776b000 Exception <a 'java/lang/NoSuchMethodError'{0x000000008f03d3b8}: 'java.lang.Object java.lang.invoke.DirectMethodHandle$Holder.invokeSpecial(java.lang.Object, java.lang.Object, int, int, java.lang.Object, java.lang.Object, java.lang.Object)'> (0x000000008f03d3b8) thrown at [./src/hotspot/share/interpreter/linkResolver.cpp, line 773]
Event: 9.040 Thread 0x000002049776b000 Exception <a 'java/lang/NoSuchMethodError'{0x000000008f041938}: 'java.lang.Object java.lang.invoke.DelegatingMethodHandle$Holder.reinvoke_L(java.lang.Object, int, int, java.lang.Object, java.lang.Object, java.lang.Object)'> (0x000000008f041938) thrown at [./src/hotspot/share/interpreter/linkResolver.cpp, line 773]
Event: 9.214 Thread 0x000002049776b000 Exception <a 'java/lang/NoSuchMethodError'{0x000000008e33a868}: 'int java.lang.invoke.DirectMethodHandle$Holder.invokeInterface(java.lang.Object, java.lang.Object, java.lang.Object, java.lang.Object)'> (0x000000008e33a868) thrown at [./src/hotspot/share/interpreter/linkResolver.cpp, line 773]
Event: 9.449 Thread 0x000002049776b000 Exception <a 'java/lang/NoSuchMethodError'{0x000000008d32b468}: 'void java.lang.invoke.DirectMethodHandle$Holder.invokeInterface(java.lang.Object, java.lang.Object, java.lang.Object, java.lang.Object)'> (0x000000008d32b468) thrown at [./src/hotspot/share/interpreter/linkResolver.cpp, line 773]
Event: 9.582 Thread 0x000002049776b000 Exception <a 'java/lang/IncompatibleClassChangeError'{0x000000008cbc76a0}: Found class java.lang.Object, but interface was expected> (0x000000008cbc76a0) thrown at [./src/hotspot/share/interpreter/linkResolver.cpp, line 839]
Event: 9.680 Thread 0x000002049776b000 Implicit null exception at 0x0000020487ddda54 to 0x0000020487dddc38
Event: 9.680 Thread 0x000002049776b000 Implicit null exception at 0x0000020487dd647b to 0x0000020487dd81fc
Event: 9.796 Thread 0x000002049776b000 Implicit null exception at 0x0000020487c3508b to 0x0000020487c35164
Event: 9.848 Thread 0x000002049776b000 Implicit null exception at 0x0000020487c4fe2c to 0x0000020487c4ffda
Event: 9.982 Thread 0x000002049776b000 Exception <a 'sun/nio/fs/WindowsException'{0x000000008e69a060}> (0x000000008e69a060) thrown at [./src/hotspot/share/prims/jni.cpp, line 615]

Events (20 events):
Event: 10.475 loading class com/android/build/gradle/internal/lint/AndroidLintGlobalTask$BaseGlobalCreationAction
Event: 10.475 loading class com/android/build/gradle/internal/lint/AndroidLintGlobalTask$BaseGlobalCreationAction done
Event: 10.475 loading class com/android/build/gradle/internal/lint/AndroidLintGlobalTask$LintFixCreationAction$Companion
Event: 10.475 loading class com/android/build/gradle/internal/lint/AndroidLintGlobalTask$LintFixCreationAction$Companion done
Event: 10.475 loading class com/android/build/gradle/internal/lint/AndroidLintGlobalTask
Event: 10.475 loading class com/android/build/gradle/internal/lint/AndroidLintGlobalTask done
Event: 10.476 loading class com/android/build/gradle/internal/lint/AndroidLintGlobalTask$GlobalCreationAction
Event: 10.476 loading class com/android/build/gradle/internal/lint/AndroidLintGlobalTask$GlobalCreationAction done
Event: 10.476 loading class com/android/build/gradle/internal/lint/AndroidLintGlobalTask$GlobalCreationAction$Companion
Event: 10.476 loading class com/android/build/gradle/internal/lint/AndroidLintGlobalTask$GlobalCreationAction$Companion done
Event: 10.477 loading class com/android/build/gradle/internal/lint/LintTaskManager$createBeforeEvaluateLintTasks$1
Event: 10.477 loading class com/android/build/gradle/internal/lint/LintTaskManager$createBeforeEvaluateLintTasks$1 done
Event: 10.478 loading class com/android/build/gradle/internal/TaskManager$ConfigAttrTask
Event: 10.478 loading class com/android/build/gradle/internal/TaskManager$ConfigAttrTask done
Event: 10.478 loading class com/android/build/gradle/internal/TaskManager$Companion$createTasksBeforeEvaluate$6
Event: 10.478 loading class com/android/build/gradle/internal/TaskManager$Companion$createTasksBeforeEvaluate$6 done
Event: 10.478 loading class com/android/build/gradle/internal/TaskManager$Companion$createTasksBeforeEvaluate$7
Event: 10.478 loading class com/android/build/gradle/internal/TaskManager$Companion$createTasksBeforeEvaluate$7 done
Event: 10.479 loading class org/gradle/api/Project
Event: 10.479 loading class org/gradle/api/Project done


Dynamic libraries:
0x00007ff6641a0000 - 0x00007ff6641aa000 	C:\Program Files\Android\Android Studio\jre\bin\java.exe
0x00007fff6afb0000 - 0x00007fff6b1a5000 	C:\Windows\SYSTEM32\ntdll.dll
0x00007fff69570000 - 0x00007fff6962e000 	C:\Windows\System32\KERNEL32.DLL
0x00007fff68850000 - 0x00007fff68b18000 	C:\Windows\System32\KERNELBASE.dll
0x00007fff68b20000 - 0x00007fff68c20000 	C:\Windows\System32\ucrtbase.dll
0x00007fff5f460000 - 0x00007fff5f477000 	C:\Program Files\Android\Android Studio\jre\bin\VCRUNTIME140.dll
0x00007fff5f500000 - 0x00007fff5f519000 	C:\Program Files\Android\Android Studio\jre\bin\jli.dll
0x00007fff696e0000 - 0x00007fff69880000 	C:\Windows\System32\USER32.dll
0x00007fff68dd0000 - 0x00007fff68df2000 	C:\Windows\System32\win32u.dll
0x00007fff57010000 - 0x00007fff572aa000 	C:\Windows\WinSxS\amd64_microsoft.windows.common-controls_6595b64144ccf1df_6.0.19041.1110_none_60b5254171f9507e\COMCTL32.dll
0x00007fff6a930000 - 0x00007fff6a95b000 	C:\Windows\System32\GDI32.dll
0x00007fff6ab40000 - 0x00007fff6abde000 	C:\Windows\System32\msvcrt.dll
0x00007fff68c20000 - 0x00007fff68d2d000 	C:\Windows\System32\gdi32full.dll
0x00007fff68d30000 - 0x00007fff68dcd000 	C:\Windows\System32\msvcp_win.dll
0x00007fff69f50000 - 0x00007fff69f80000 	C:\Windows\System32\IMM32.DLL
0x00007fff4c880000 - 0x00007fff4c91d000 	C:\Program Files\Android\Android Studio\jre\bin\msvcp140.dll
0x00007fff12040000 - 0x00007fff12b15000 	C:\Program Files\Android\Android Studio\jre\bin\server\jvm.dll
0x00007fff6abe0000 - 0x00007fff6ac8e000 	C:\Windows\System32\ADVAPI32.dll
0x00007fff6a960000 - 0x00007fff6a9fc000 	C:\Windows\System32\sechost.dll
0x00007fff6a050000 - 0x00007fff6a175000 	C:\Windows\System32\RPCRT4.dll
0x00007fff69eb0000 - 0x00007fff69eb8000 	C:\Windows\System32\PSAPI.DLL
0x00007fff5a9a0000 - 0x00007fff5a9a9000 	C:\Windows\SYSTEM32\WSOCK32.dll
0x00007fff56df0000 - 0x00007fff56e17000 	C:\Windows\SYSTEM32\WINMM.dll
0x00007fff69e40000 - 0x00007fff69eab000 	C:\Windows\System32\WS2_32.dll
0x00007fff60ee0000 - 0x00007fff60eea000 	C:\Windows\SYSTEM32\VERSION.dll
0x00007fff665b0000 - 0x00007fff665c2000 	C:\Windows\SYSTEM32\kernel.appcore.dll
0x00007fff638a0000 - 0x00007fff638b1000 	C:\Program Files\Android\Android Studio\jre\bin\verify.dll
0x00007fff5f9c0000 - 0x00007fff5fba4000 	C:\Windows\SYSTEM32\DBGHELP.DLL
0x00007fff5fd90000 - 0x00007fff5fdbc000 	C:\Windows\SYSTEM32\dbgcore.DLL
0x00007fff68770000 - 0x00007fff687f2000 	C:\Windows\System32\bcryptPrimitives.dll
0x00007fff63870000 - 0x00007fff63899000 	C:\Program Files\Android\Android Studio\jre\bin\java.dll
0x00007fff64570000 - 0x00007fff6457b000 	C:\Program Files\Android\Android Studio\jre\bin\jimage.dll
0x00007fff63850000 - 0x00007fff63868000 	C:\Program Files\Android\Android Studio\jre\bin\zip.dll
0x00007fff6a180000 - 0x00007fff6a8c4000 	C:\Windows\System32\SHELL32.dll
0x00007fff667b0000 - 0x00007fff66f44000 	C:\Windows\SYSTEM32\windows.storage.dll
0x00007fff69a00000 - 0x00007fff69d55000 	C:\Windows\System32\combase.dll
0x00007fff68110000 - 0x00007fff6813e000 	C:\Windows\SYSTEM32\Wldp.dll
0x00007fff6ad10000 - 0x00007fff6adbd000 	C:\Windows\System32\SHCORE.dll
0x00007fff69d80000 - 0x00007fff69dd5000 	C:\Windows\System32\shlwapi.dll
0x00007fff68600000 - 0x00007fff6861f000 	C:\Windows\SYSTEM32\profapi.dll
0x00007fff63830000 - 0x00007fff6384a000 	C:\Program Files\Android\Android Studio\jre\bin\net.dll
0x00007fff5f740000 - 0x00007fff5f84c000 	C:\Windows\SYSTEM32\WINHTTP.dll
0x00007fff67e70000 - 0x00007fff67eda000 	C:\Windows\system32\mswsock.dll
0x00007fff62890000 - 0x00007fff628a4000 	C:\Program Files\Android\Android Studio\jre\bin\nio.dll
0x00007fff5e620000 - 0x00007fff5e647000 	C:\Users\nikol\.gradle\native\e1d6ef7f7dcc3fd88c89a11ec53ec762bb8ba0a96d01ffa2cd45eb1d1d8dd5c5\windows-amd64\native-platform.dll
0x00007fff485f0000 - 0x00007fff48734000 	C:\Users\nikol\.gradle\native\5664cfc778a61ccfe75a443a1ab52a65af34e5dc3c78e0209fed803814484fcb\windows-amd64\native-platform-file-events.dll
0x00007fff62da0000 - 0x00007fff62daa000 	C:\Program Files\Android\Android Studio\jre\bin\management.dll
0x00007fff62880000 - 0x00007fff6288d000 	C:\Program Files\Android\Android Studio\jre\bin\management_ext.dll
0x00007fff68070000 - 0x00007fff68088000 	C:\Windows\SYSTEM32\CRYPTSP.dll
0x00007fff67780000 - 0x00007fff677b4000 	C:\Windows\system32\rsaenh.dll
0x00007fff68fd0000 - 0x00007fff68ff7000 	C:\Windows\System32\bcrypt.dll
0x00007fff685c0000 - 0x00007fff685ee000 	C:\Windows\SYSTEM32\USERENV.dll
0x00007fff68060000 - 0x00007fff6806c000 	C:\Windows\SYSTEM32\CRYPTBASE.dll
0x00007fff67af0000 - 0x00007fff67b2b000 	C:\Windows\SYSTEM32\IPHLPAPI.DLL
0x00007fff69000000 - 0x00007fff69008000 	C:\Windows\System32\NSI.dll
0x00007fff61f20000 - 0x00007fff61f37000 	C:\Windows\SYSTEM32\dhcpcsvc6.DLL
0x00007fff615c0000 - 0x00007fff615dd000 	C:\Windows\SYSTEM32\dhcpcsvc.DLL
0x00007fff67b30000 - 0x00007fff67bfb000 	C:\Windows\SYSTEM32\DNSAPI.dll

dbghelp: loaded successfully - version: 4.0.5 - missing functions: none
symbol engine: initialized successfully - sym options: 0x614 - pdb path: .;C:\Program Files\Android\Android Studio\jre\bin;C:\Windows\SYSTEM32;C:\Windows\WinSxS\amd64_microsoft.windows.common-controls_6595b64144ccf1df_6.0.19041.1110_none_60b5254171f9507e;C:\Program Files\Android\Android Studio\jre\bin\server;C:\Users\nikol\.gradle\native\e1d6ef7f7dcc3fd88c89a11ec53ec762bb8ba0a96d01ffa2cd45eb1d1d8dd5c5\windows-amd64;C:\Users\nikol\.gradle\native\5664cfc778a61ccfe75a443a1ab52a65af34e5dc3c78e0209fed803814484fcb\windows-amd64

VM Arguments:
jvm_args: --add-opens=java.base/java.util=ALL-UNNAMED --add-opens=java.base/java.lang=ALL-UNNAMED --add-opens=java.base/java.lang.invoke=ALL-UNNAMED --add-opens=java.base/java.util=ALL-UNNAMED --add-opens=java.prefs/java.util.prefs=ALL-UNNAMED --add-opens=java.prefs/java.util.prefs=ALL-UNNAMED --add-opens=java.base/java.nio.charset=ALL-UNNAMED --add-opens=java.base/java.net=ALL-UNNAMED --add-opens=java.base/java.util.concurrent.atomic=ALL-UNNAMED -Xmx2048m -Dfile.encoding=UTF-8 -Duser.country=US -Duser.language=en -Duser.variant 
java_command: org.gradle.launcher.daemon.bootstrap.GradleDaemon 7.2
java_class_path (initial): C:\Users\nikol\.gradle\wrapper\dists\gradle-7.2-all\260hg96vuh6ex27h9vo47iv4d\gradle-7.2\lib\gradle-launcher-7.2.jar
Launcher Type: SUN_STANDARD

[Global flags]
     intx CICompilerCount                          = 4                                         {product} {ergonomic}
     uint ConcGCThreads                            = 2                                         {product} {ergonomic}
     uint G1ConcRefinementThreads                  = 8                                         {product} {ergonomic}
   size_t G1HeapRegionSize                         = 1048576                                   {product} {ergonomic}
    uintx GCDrainStackTargetSize                   = 64                                        {product} {ergonomic}
   size_t InitialHeapSize                          = 264241152                                 {product} {ergonomic}
   size_t MarkStackSize                            = 4194304                                   {product} {ergonomic}
   size_t MaxHeapSize                              = 2147483648                                {product} {command line}
   size_t MaxNewSize                               = 1287651328                                {product} {ergonomic}
   size_t MinHeapDeltaBytes                        = 1048576                                   {product} {ergonomic}
    uintx NonNMethodCodeHeapSize                   = 5836300                                {pd product} {ergonomic}
    uintx NonProfiledCodeHeapSize                  = 122910970                              {pd product} {ergonomic}
    uintx ProfiledCodeHeapSize                     = 122910970                              {pd product} {ergonomic}
    uintx ReservedCodeCacheSize                    = 251658240                              {pd product} {ergonomic}
     bool SegmentedCodeCache                       = true                                      {product} {ergonomic}
     bool UseCompressedClassPointers               = true                                 {lp64_product} {ergonomic}
     bool UseCompressedOops                        = true                                 {lp64_product} {ergonomic}
     bool UseG1GC                                  = true                                      {product} {ergonomic}
     bool UseLargePagesIndividualAllocation        = false                                  {pd product} {ergonomic}

Logging:
Log output configuration:
 #0: stdout all=warning uptime,level,tags
 #1: stderr all=off uptime,level,tags

Environment Variables:
PATH=C:\Program Files\Python310\Scripts\;C:\Program Files\Python310\;C:\Program Files (x86)\NVIDIA Corporation\PhysX\Common;C:\Program Files\Java\jdk-17\bin;C:\ProgramData\Oracle\Java\javapath;C:\Windows\system32;C:\Windows;C:\Windows\System32\Wbem;C:\Windows\System32\WindowsPowerShell\v1.0\;C:\Windows\System32\OpenSSH\;C:\Program Files\Git\cmd;C:\Program Files\dotnet\;C:\Program Files (x86)\IVI Foundation\VISA\WinNT\Bin\;C:\Program Files\IVI Foundation\VISA\Win64\Bin\;C:\Program Files (x86)\National Instruments\Shared\LabVIEW CLI;C:\Program Files (x86)\IVI Foundation\VISA\WinNT\Bin;C:\apache-maven-3.8.2-bin\apache-maven-3.8.2\bin;C:\Program Files\PowerShell\7\;C:\Program Files (x86)\dotnet\;C:\Program Files\MySQL\MySQL Shell 8.0\bin\;C:\Users\nikol\AppData\Local\Microsoft\WindowsApps;C:\Program Files\PyCharm Community Edition 2020.2.3\bin;;C:\Users\nikol\.dotnet\tools;C:\Program Files\JetBrains\IntelliJ IDEA Community Edition 2020.3.2\bin;;C:\Users\nikol\AppData\Local\Programs\Microsoft VS Code\bin;C:\apache-maven-3.8.2-bin\apache-maven-3.8.2\bin;
USERNAME=nikol
OS=Windows_NT
PROCESSOR_IDENTIFIER=Intel64 Family 6 Model 60 Stepping 3, GenuineIntel



---------------  S Y S T E M  ---------------

OS: Windows 10 , 64 bit Build 19041 (10.0.19041.1503)
OS uptime: 5 days 5:15 hours

CPU:total 8 (initial active 8) (4 cores per cpu, 2 threads per core) family 6 model 60 stepping 3 microcode 0x27, cmov, cx8, fxsr, mmx, sse, sse2, sse3, ssse3, sse4.1, sse4.2, popcnt, avx, avx2, aes, clmul, erms, lzcnt, ht, tsc, tscinvbit, bmi1, bmi2, fma

Memory: 4k page, system-wide physical 16005M (3169M free)
TotalPageFile size 44515M (AvailPageFile size 8M)
current process WorkingSet (physical memory assigned to process): 414M, peak: 417M
current process commit charge ("private bytes"): 506M, peak: 509M

vm_info: OpenJDK 64-Bit Server VM (11.0.11+9-b60-7590822) for windows-amd64 JRE (11.0.11+9-b60-7590822), built on Jul 29 2021 21:43:44 by "builder" with MS VC++ 14.0 (VS2015)

END.
